#
# There is insufficient memory for the Java Runtime Environment to continue.
# Native memory allocation (malloc) failed to allocate 230496 bytes. Error detail: Chunk::new
# Possible reasons:
#   The system is out of physical RAM or swap space
#   This process is running with CompressedOops enabled, and the Java Heap may be blocking the growth of the native heap
# Possible solutions:
#   Reduce memory load on the system
#   Increase physical memory or swap space
#   Check if swap backing store is full
#   Decrease Java heap size (-Xmx/-Xms)
#   Decrease number of Java threads
#   Decrease Java thread stack sizes (-Xss)
#   Set larger code cache with -XX:ReservedCodeCacheSize=
#   JVM is running with Unscaled Compressed Oops mode in which the Java heap is
#     placed in the first 4GB address space. The Java Heap base address is the
#     maximum limit for the native heap growth. Please use -XX:HeapBaseMinAddress
#     to set the Java Heap base and to place the Java Heap above 4GB virtual address.
# This output file may be truncated or incomplete.
#
#  Out of Memory Error (arena.cpp:168), pid=34400, tid=37072
#
# JRE version: OpenJDK Runtime Environment Temurin-21.0.8+9 (21.0.8+9) (build 21.0.8+9-LTS)
# Java VM: OpenJDK 64-Bit Server VM Temurin-21.0.8+9 (21.0.8+9-LTS, mixed mode, sharing, tiered, compressed oops, compressed class ptrs, g1 gc, windows-amd64)
# No core dump will be written. Minidumps are not enabled by default on client versions of Windows
#

---------------  S U M M A R Y ------------

Command Line: -ea -Dfile.encoding=UTF-8 -Dstdout.encoding=UTF-8 -Dstderr.encoding=UTF-8 -XX:+ShowCodeDetailsInExceptionMessages org.testng.remote.RemoteTestNG -serport 52264 -protocol json -d C:\Users\sathy\eclipse-workspace\myproject\test-output C:\Users\sathy\AppData\Local\Temp\testng-eclipse-2044034648\testng-customsuite.xml

Host: Intel(R) Core(TM) i5-9300H CPU @ 2.40GHz, 8 cores, 7G,  Windows 11 , 64 bit Build 22621 (10.0.22621.5415)
Time: Thu Jan 22 14:51:32 2026 India Standard Time elapsed time: 3.861926 seconds (0d 0h 0m 3s)

---------------  T H R E A D  ---------------

Current thread (0x0000017f5f62f560):  JavaThread "C2 CompilerThread0" daemon [_thread_in_native, id=37072, stack(0x0000002b92e00000,0x0000002b92f00000) (1024K)]


Current CompileTask:
C2:3862 2284   !   4       java.io.BufferedInputStream::read (69 bytes)

Stack: [0x0000002b92e00000,0x0000002b92f00000]
Native frames: (J=compiled Java code, j=interpreted, Vv=VM code, C=native code)
V  [jvm.dll+0x6d2449]
V  [jvm.dll+0x8ae341]
V  [jvm.dll+0x8b08be]
V  [jvm.dll+0x8b0fa3]
V  [jvm.dll+0x280c96]
V  [jvm.dll+0xc581d]
V  [jvm.dll+0xc5d53]
V  [jvm.dll+0x2f539d]
V  [jvm.dll+0x5fa00a]
V  [jvm.dll+0x252092]
V  [jvm.dll+0x24aa06]
V  [jvm.dll+0x2483a4]
V  [jvm.dll+0x1c89ee]
V  [jvm.dll+0x257d4d]
V  [jvm.dll+0x2562ea]
V  [jvm.dll+0x3f2d16]
V  [jvm.dll+0x857e6b]
V  [jvm.dll+0x6d0b0d]
C  [ucrtbase.dll+0x29333]
C  [KERNEL32.DLL+0x1259d]
C  [ntdll.dll+0x5af78]


---------------  P R O C E S S  ---------------

Threads class SMR info:
_java_thread_list=0x0000017f64b71980, length=29, elements={
0x0000017f45359480, 0x0000017f5f61e930, 0x0000017f5f6228b0, 0x0000017f5f624660,
0x0000017f5f6252b0, 0x0000017f5f629410, 0x0000017f5f62d490, 0x0000017f5f62f560,
0x0000017f5f63a010, 0x0000017f5f77ad00, 0x0000017f5f7810f0, 0x0000017f64572f90,
0x0000017f642fafb0, 0x0000017f64b99020, 0x0000017f64ba0680, 0x0000017f64b99e90,
0x0000017f64b9a4f0, 0x0000017f64b9af60, 0x0000017f64bd9680, 0x0000017f64c203e0,
0x0000017f64c1f030, 0x0000017f64c1e310, 0x0000017f64c20a70, 0x0000017f64c1d5f0,
0x0000017f64c1e9a0, 0x0000017f64c1f6c0, 0x0000017f64c1fd50, 0x0000017f64c1dc80,
0x0000017f6545d2d0
}

Java Threads: ( => current thread )
  0x0000017f45359480 JavaThread "Forwarding get on session 5b4cd18a1f3af920c1ba07ba981edac8 to remote"        [_thread_blocked, id=38672, stack(0x0000002b92000000,0x0000002b92100000) (1024K)]
  0x0000017f5f61e930 JavaThread "Reference Handler"          daemon [_thread_blocked, id=31564, stack(0x0000002b92800000,0x0000002b92900000) (1024K)]
  0x0000017f5f6228b0 JavaThread "Finalizer"                  daemon [_thread_blocked, id=29196, stack(0x0000002b92900000,0x0000002b92a00000) (1024K)]
  0x0000017f5f624660 JavaThread "Signal Dispatcher"          daemon [_thread_blocked, id=26336, stack(0x0000002b92a00000,0x0000002b92b00000) (1024K)]
  0x0000017f5f6252b0 JavaThread "Attach Listener"            daemon [_thread_blocked, id=35444, stack(0x0000002b92b00000,0x0000002b92c00000) (1024K)]
  0x0000017f5f629410 JavaThread "Service Thread"             daemon [_thread_blocked, id=14808, stack(0x0000002b92c00000,0x0000002b92d00000) (1024K)]
  0x0000017f5f62d490 JavaThread "Monitor Deflation Thread"   daemon [_thread_blocked, id=9392, stack(0x0000002b92d00000,0x0000002b92e00000) (1024K)]
=>0x0000017f5f62f560 JavaThread "C2 CompilerThread0"         daemon [_thread_in_native, id=37072, stack(0x0000002b92e00000,0x0000002b92f00000) (1024K)]
  0x0000017f5f63a010 JavaThread "C1 CompilerThread0"         daemon [_thread_blocked, id=10392, stack(0x0000002b92f00000,0x0000002b93000000) (1024K)]
  0x0000017f5f77ad00 JavaThread "Notification Thread"        daemon [_thread_blocked, id=13340, stack(0x0000002b93000000,0x0000002b93100000) (1024K)]
  0x0000017f5f7810f0 JavaThread "Common-Cleaner"             daemon [_thread_blocked, id=376, stack(0x0000002b93100000,0x0000002b93200000) (1024K)]
  0x0000017f64572f90 JavaThread "ReaderThread"                      [_thread_in_native, id=18332, stack(0x0000002b93400000,0x0000002b93500000) (1024K)]
  0x0000017f642fafb0 JavaThread "ForkJoinPool.commonPool-worker-1" daemon [_thread_blocked, id=20584, stack(0x0000002b93200000,0x0000002b93300000) (1024K)]
  0x0000017f64b99020 JavaThread "HttpClient-1-SelectorManager" daemon [_thread_in_native, id=25852, stack(0x0000002b93d00000,0x0000002b93e00000) (1024K)]
  0x0000017f64ba0680 JavaThread "External Process Output Forwarder - C:\Users\sathy\.cache\selenium\chromedriver\win64\144.0.7559.96\chromedriver.exe" daemon [_thread_in_native, id=25504, stack(0x0000002b93e00000,0x0000002b93f00000) (1024K)]
  0x0000017f64b99e90 JavaThread "Driver Service Executor"    daemon [_thread_blocked, id=28808, stack(0x0000002b93f00000,0x0000002b94000000) (1024K)]
  0x0000017f64b9a4f0 JavaThread "Driver Service Executor"    daemon [_thread_in_native, id=2712, stack(0x0000002b94000000,0x0000002b94100000) (1024K)]
  0x0000017f64b9af60 JavaThread "UrlChecker-2"               daemon [_thread_blocked, id=37972, stack(0x0000002b94100000,0x0000002b94200000) (1024K)]
  0x0000017f64bd9680 JavaThread "Keep-Alive-Timer"           daemon [_thread_blocked, id=21132, stack(0x0000002b94200000,0x0000002b94300000) (1024K)]
  0x0000017f64c203e0 JavaThread "JdkHttpClient-0-0"          daemon [_thread_blocked, id=1660, stack(0x0000002b93c00000,0x0000002b93d00000) (1024K)]
  0x0000017f64c1f030 JavaThread "CompletableFutureDelayScheduler" daemon [_thread_blocked, id=31272, stack(0x0000002b94300000,0x0000002b94400000) (1024K)]
  0x0000017f64c1e310 JavaThread "JdkHttpClient-0-1"          daemon [_thread_blocked, id=29992, stack(0x0000002b94500000,0x0000002b94600000) (1024K)]
  0x0000017f64c20a70 JavaThread "JdkHttpClient-0-2"          daemon [_thread_blocked, id=29416, stack(0x0000002b94600000,0x0000002b94700000) (1024K)]
  0x0000017f64c1d5f0 JavaThread "JdkHttpClient-0-3"          daemon [_thread_blocked, id=11624, stack(0x0000002b94700000,0x0000002b94800000) (1024K)]
  0x0000017f64c1e9a0 JavaThread "HttpClient-2-SelectorManager" daemon [_thread_in_native, id=30620, stack(0x0000002b94400000,0x0000002b94500000) (1024K)]
  0x0000017f64c1f6c0 JavaThread "JdkHttpClient-1-0"          daemon [_thread_blocked, id=35964, stack(0x0000002b94800000,0x0000002b94900000) (1024K)]
  0x0000017f64c1fd50 JavaThread "JdkHttpClient-1-1"          daemon [_thread_blocked, id=19908, stack(0x0000002b94900000,0x0000002b94a00000) (1024K)]
  0x0000017f64c1dc80 JavaThread "JdkHttpClient-1-2"          daemon [_thread_blocked, id=28036, stack(0x0000002b94a00000,0x0000002b94b00000) (1024K)]
  0x0000017f6545d2d0 JavaThread "JdkHttpClient-1-3"          daemon [_thread_blocked, id=4476, stack(0x0000002b94b00000,0x0000002b94c00000) (1024K)]
Total: 29

Other Threads:
  0x0000017f5f6067f0 VMThread "VM Thread"                           [id=19492, stack(0x0000002b92700000,0x0000002b92800000) (1024K)]
  0x0000017f5f5ee4d0 WatcherThread "VM Periodic Task Thread"        [id=35488, stack(0x0000002b92600000,0x0000002b92700000) (1024K)]
  0x0000017f47802640 WorkerThread "GC Thread#0"                     [id=30360, stack(0x0000002b92100000,0x0000002b92200000) (1024K)]
  0x0000017f64ac06c0 WorkerThread "GC Thread#1"                     [id=19984, stack(0x0000002b93500000,0x0000002b93600000) (1024K)]
  0x0000017f64abf100 WorkerThread "GC Thread#2"                     [id=30700, stack(0x0000002b93600000,0x0000002b93700000) (1024K)]
  0x0000017f64ac0320 WorkerThread "GC Thread#3"                     [id=37632, stack(0x0000002b93700000,0x0000002b93800000) (1024K)]
  0x0000017f64abed60 WorkerThread "GC Thread#4"                     [id=16120, stack(0x0000002b93800000,0x0000002b93900000) (1024K)]
  0x0000017f64abf4a0 WorkerThread "GC Thread#5"                     [id=26500, stack(0x0000002b93900000,0x0000002b93a00000) (1024K)]
  0x0000017f64abf840 WorkerThread "GC Thread#6"                     [id=37904, stack(0x0000002b93a00000,0x0000002b93b00000) (1024K)]
  0x0000017f64abff80 WorkerThread "GC Thread#7"                     [id=35636, stack(0x0000002b93b00000,0x0000002b93c00000) (1024K)]
  0x0000017f47813a70 ConcurrentGCThread "G1 Main Marker"            [id=11340, stack(0x0000002b92200000,0x0000002b92300000) (1024K)]
  0x0000017f47814570 WorkerThread "G1 Conc#0"                       [id=34108, stack(0x0000002b92300000,0x0000002b92400000) (1024K)]
  0x0000017f4785e9b0 ConcurrentGCThread "G1 Refine#0"               [id=30932, stack(0x0000002b92400000,0x0000002b92500000) (1024K)]
  0x0000017f5f4c0ac0 ConcurrentGCThread "G1 Service"                [id=1356, stack(0x0000002b92500000,0x0000002b92600000) (1024K)]
Total: 14

Threads with active compile tasks:
C2 CompilerThread0  3935 2284   !   4       java.io.BufferedInputStream::read (69 bytes)
Total: 1

VM state: not at safepoint (normal execution)

VM Mutex/Monitor currently owned by a thread: None

Heap address: 0x0000000082800000, size: 2008 MB, Compressed Oops mode: 32-bit

CDS archive(s) mapped at: [0x0000017f00000000-0x0000017f00c80000-0x0000017f00c80000), size 13107200, SharedBaseAddress: 0x0000017f00000000, ArchiveRelocationMode: 1.
Compressed class space mapped at: 0x0000017f01000000-0x0000017f41000000, reserved size: 1073741824
Narrow klass base: 0x0000017f00000000, Narrow klass shift: 0, Narrow klass range: 0x100000000

GC Precious Log:
 CardTable entry size: 512
 Card Set container configuration: InlinePtr #cards 5 size 8 Array Of Cards #cards 12 size 40 Howl #buckets 4 coarsen threshold 1843 Howl Bitmap #cards 512 size 80 coarsen threshold 460 Card regions per heap region 1 cards per card region 2048
 CPUs: 8 total, 8 available
 Memory: 8029M
 Large Page Support: Disabled
 NUMA Support: Disabled
 Compressed Oops: Enabled (32-bit)
 Heap Region Size: 1M
 Heap Min Capacity: 8M
 Heap Initial Capacity: 126M
 Heap Max Capacity: 2008M
 Pre-touch: Disabled
 Parallel Workers: 8
 Concurrent Workers: 2
 Concurrent Refinement Workers: 8
 Periodic GC: Disabled

Heap:
 garbage-first heap   total 129024K, used 12435K [0x0000000082800000, 0x0000000100000000)
  region size 1024K, 7 young (7168K), 4 survivors (4096K)
 Metaspace       used 17947K, committed 18432K, reserved 1114112K
  class space    used 2199K, committed 2432K, reserved 1048576K

Heap Regions: E=young(eden), S=young(survivor), O=old, HS=humongous(starts), HC=humongous(continues), CS=collection set, F=free, TAMS=top-at-mark-start, PB=parsable bottom
|   0|0x0000000082800000, 0x0000000082900000, 0x0000000082900000|100%|HS|  |TAMS 0x0000000082800000| PB 0x0000000082800000| Complete 
|   1|0x0000000082900000, 0x0000000082a00000, 0x0000000082a00000|100%| O|  |TAMS 0x0000000082900000| PB 0x0000000082900000| Untracked 
|   2|0x0000000082a00000, 0x0000000082b00000, 0x0000000082b00000|100%| O|  |TAMS 0x0000000082a00000| PB 0x0000000082a00000| Untracked 
|   3|0x0000000082b00000, 0x0000000082c00000, 0x0000000082c00000|100%| O|  |TAMS 0x0000000082b00000| PB 0x0000000082b00000| Untracked 
|   4|0x0000000082c00000, 0x0000000082d00000, 0x0000000082d00000|100%| O|  |TAMS 0x0000000082c00000| PB 0x0000000082c00000| Untracked 
|   5|0x0000000082d00000, 0x0000000082e00000, 0x0000000082e00000|100%| O|  |TAMS 0x0000000082d00000| PB 0x0000000082d00000| Untracked 
|   6|0x0000000082e00000, 0x0000000082ec7620, 0x0000000082f00000| 77%| O|  |TAMS 0x0000000082e00000| PB 0x0000000082e00000| Untracked 
|   7|0x0000000082f00000, 0x0000000082f00000, 0x0000000083000000|  0%| F|  |TAMS 0x0000000082f00000| PB 0x0000000082f00000| Untracked 
|   8|0x0000000083000000, 0x0000000083000000, 0x0000000083100000|  0%| F|  |TAMS 0x0000000083000000| PB 0x0000000083000000| Untracked 
|   9|0x0000000083100000, 0x0000000083100000, 0x0000000083200000|  0%| F|  |TAMS 0x0000000083100000| PB 0x0000000083100000| Untracked 
|  10|0x0000000083200000, 0x0000000083200000, 0x0000000083300000|  0%| F|  |TAMS 0x0000000083200000| PB 0x0000000083200000| Untracked 
|  11|0x0000000083300000, 0x0000000083300000, 0x0000000083400000|  0%| F|  |TAMS 0x0000000083300000| PB 0x0000000083300000| Untracked 
|  12|0x0000000083400000, 0x0000000083400000, 0x0000000083500000|  0%| F|  |TAMS 0x0000000083400000| PB 0x0000000083400000| Untracked 
|  13|0x0000000083500000, 0x0000000083500000, 0x0000000083600000|  0%| F|  |TAMS 0x0000000083500000| PB 0x0000000083500000| Untracked 
|  14|0x0000000083600000, 0x0000000083600000, 0x0000000083700000|  0%| F|  |TAMS 0x0000000083600000| PB 0x0000000083600000| Untracked 
|  15|0x0000000083700000, 0x0000000083700000, 0x0000000083800000|  0%| F|  |TAMS 0x0000000083700000| PB 0x0000000083700000| Untracked 
|  16|0x0000000083800000, 0x0000000083800000, 0x0000000083900000|  0%| F|  |TAMS 0x0000000083800000| PB 0x0000000083800000| Untracked 
|  17|0x0000000083900000, 0x0000000083900000, 0x0000000083a00000|  0%| F|  |TAMS 0x0000000083900000| PB 0x0000000083900000| Untracked 
|  18|0x0000000083a00000, 0x0000000083a00000, 0x0000000083b00000|  0%| F|  |TAMS 0x0000000083a00000| PB 0x0000000083a00000| Untracked 
|  19|0x0000000083b00000, 0x0000000083b00000, 0x0000000083c00000|  0%| F|  |TAMS 0x0000000083b00000| PB 0x0000000083b00000| Untracked 
|  20|0x0000000083c00000, 0x0000000083c00000, 0x0000000083d00000|  0%| F|  |TAMS 0x0000000083c00000| PB 0x0000000083c00000| Untracked 
|  21|0x0000000083d00000, 0x0000000083d00000, 0x0000000083e00000|  0%| F|  |TAMS 0x0000000083d00000| PB 0x0000000083d00000| Untracked 
|  22|0x0000000083e00000, 0x0000000083e00000, 0x0000000083f00000|  0%| F|  |TAMS 0x0000000083e00000| PB 0x0000000083e00000| Untracked 
|  23|0x0000000083f00000, 0x0000000083f00000, 0x0000000084000000|  0%| F|  |TAMS 0x0000000083f00000| PB 0x0000000083f00000| Untracked 
|  24|0x0000000084000000, 0x0000000084000000, 0x0000000084100000|  0%| F|  |TAMS 0x0000000084000000| PB 0x0000000084000000| Untracked 
|  25|0x0000000084100000, 0x0000000084100000, 0x0000000084200000|  0%| F|  |TAMS 0x0000000084100000| PB 0x0000000084100000| Untracked 
|  26|0x0000000084200000, 0x0000000084200000, 0x0000000084300000|  0%| F|  |TAMS 0x0000000084200000| PB 0x0000000084200000| Untracked 
|  27|0x0000000084300000, 0x0000000084300000, 0x0000000084400000|  0%| F|  |TAMS 0x0000000084300000| PB 0x0000000084300000| Untracked 
|  28|0x0000000084400000, 0x0000000084400000, 0x0000000084500000|  0%| F|  |TAMS 0x0000000084400000| PB 0x0000000084400000| Untracked 
|  29|0x0000000084500000, 0x0000000084500000, 0x0000000084600000|  0%| F|  |TAMS 0x0000000084500000| PB 0x0000000084500000| Untracked 
|  30|0x0000000084600000, 0x0000000084600000, 0x0000000084700000|  0%| F|  |TAMS 0x0000000084600000| PB 0x0000000084600000| Untracked 
|  31|0x0000000084700000, 0x0000000084700000, 0x0000000084800000|  0%| F|  |TAMS 0x0000000084700000| PB 0x0000000084700000| Untracked 
|  32|0x0000000084800000, 0x0000000084800000, 0x0000000084900000|  0%| F|  |TAMS 0x0000000084800000| PB 0x0000000084800000| Untracked 
|  33|0x0000000084900000, 0x0000000084900000, 0x0000000084a00000|  0%| F|  |TAMS 0x0000000084900000| PB 0x0000000084900000| Untracked 
|  34|0x0000000084a00000, 0x0000000084a00000, 0x0000000084b00000|  0%| F|  |TAMS 0x0000000084a00000| PB 0x0000000084a00000| Untracked 
|  35|0x0000000084b00000, 0x0000000084b00000, 0x0000000084c00000|  0%| F|  |TAMS 0x0000000084b00000| PB 0x0000000084b00000| Untracked 
|  36|0x0000000084c00000, 0x0000000084c00000, 0x0000000084d00000|  0%| F|  |TAMS 0x0000000084c00000| PB 0x0000000084c00000| Untracked 
|  37|0x0000000084d00000, 0x0000000084d00000, 0x0000000084e00000|  0%| F|  |TAMS 0x0000000084d00000| PB 0x0000000084d00000| Untracked 
|  38|0x0000000084e00000, 0x0000000084e00000, 0x0000000084f00000|  0%| F|  |TAMS 0x0000000084e00000| PB 0x0000000084e00000| Untracked 
|  39|0x0000000084f00000, 0x0000000084f00000, 0x0000000085000000|  0%| F|  |TAMS 0x0000000084f00000| PB 0x0000000084f00000| Untracked 
|  40|0x0000000085000000, 0x0000000085000000, 0x0000000085100000|  0%| F|  |TAMS 0x0000000085000000| PB 0x0000000085000000| Untracked 
|  41|0x0000000085100000, 0x0000000085100000, 0x0000000085200000|  0%| F|  |TAMS 0x0000000085100000| PB 0x0000000085100000| Untracked 
|  42|0x0000000085200000, 0x0000000085200000, 0x0000000085300000|  0%| F|  |TAMS 0x0000000085200000| PB 0x0000000085200000| Untracked 
|  43|0x0000000085300000, 0x0000000085300000, 0x0000000085400000|  0%| F|  |TAMS 0x0000000085300000| PB 0x0000000085300000| Untracked 
|  44|0x0000000085400000, 0x0000000085400000, 0x0000000085500000|  0%| F|  |TAMS 0x0000000085400000| PB 0x0000000085400000| Untracked 
|  45|0x0000000085500000, 0x0000000085500000, 0x0000000085600000|  0%| F|  |TAMS 0x0000000085500000| PB 0x0000000085500000| Untracked 
|  46|0x0000000085600000, 0x0000000085600000, 0x0000000085700000|  0%| F|  |TAMS 0x0000000085600000| PB 0x0000000085600000| Untracked 
|  47|0x0000000085700000, 0x0000000085700000, 0x0000000085800000|  0%| F|  |TAMS 0x0000000085700000| PB 0x0000000085700000| Untracked 
|  48|0x0000000085800000, 0x0000000085800000, 0x0000000085900000|  0%| F|  |TAMS 0x0000000085800000| PB 0x0000000085800000| Untracked 
|  49|0x0000000085900000, 0x0000000085900000, 0x0000000085a00000|  0%| F|  |TAMS 0x0000000085900000| PB 0x0000000085900000| Untracked 
|  50|0x0000000085a00000, 0x0000000085a00000, 0x0000000085b00000|  0%| F|  |TAMS 0x0000000085a00000| PB 0x0000000085a00000| Untracked 
|  51|0x0000000085b00000, 0x0000000085b00000, 0x0000000085c00000|  0%| F|  |TAMS 0x0000000085b00000| PB 0x0000000085b00000| Untracked 
|  52|0x0000000085c00000, 0x0000000085c00000, 0x0000000085d00000|  0%| F|  |TAMS 0x0000000085c00000| PB 0x0000000085c00000| Untracked 
|  53|0x0000000085d00000, 0x0000000085d00000, 0x0000000085e00000|  0%| F|  |TAMS 0x0000000085d00000| PB 0x0000000085d00000| Untracked 
|  54|0x0000000085e00000, 0x0000000085e00000, 0x0000000085f00000|  0%| F|  |TAMS 0x0000000085e00000| PB 0x0000000085e00000| Untracked 
|  55|0x0000000085f00000, 0x0000000085f00000, 0x0000000086000000|  0%| F|  |TAMS 0x0000000085f00000| PB 0x0000000085f00000| Untracked 
|  56|0x0000000086000000, 0x0000000086000000, 0x0000000086100000|  0%| F|  |TAMS 0x0000000086000000| PB 0x0000000086000000| Untracked 
|  57|0x0000000086100000, 0x0000000086100000, 0x0000000086200000|  0%| F|  |TAMS 0x0000000086100000| PB 0x0000000086100000| Untracked 
|  58|0x0000000086200000, 0x0000000086200000, 0x0000000086300000|  0%| F|  |TAMS 0x0000000086200000| PB 0x0000000086200000| Untracked 
|  59|0x0000000086300000, 0x0000000086300000, 0x0000000086400000|  0%| F|  |TAMS 0x0000000086300000| PB 0x0000000086300000| Untracked 
|  60|0x0000000086400000, 0x0000000086400000, 0x0000000086500000|  0%| F|  |TAMS 0x0000000086400000| PB 0x0000000086400000| Untracked 
|  61|0x0000000086500000, 0x0000000086500000, 0x0000000086600000|  0%| F|  |TAMS 0x0000000086500000| PB 0x0000000086500000| Untracked 
|  62|0x0000000086600000, 0x0000000086600000, 0x0000000086700000|  0%| F|  |TAMS 0x0000000086600000| PB 0x0000000086600000| Untracked 
|  63|0x0000000086700000, 0x0000000086700000, 0x0000000086800000|  0%| F|  |TAMS 0x0000000086700000| PB 0x0000000086700000| Untracked 
|  64|0x0000000086800000, 0x0000000086800000, 0x0000000086900000|  0%| F|  |TAMS 0x0000000086800000| PB 0x0000000086800000| Untracked 
|  65|0x0000000086900000, 0x0000000086900000, 0x0000000086a00000|  0%| F|  |TAMS 0x0000000086900000| PB 0x0000000086900000| Untracked 
|  66|0x0000000086a00000, 0x0000000086a00000, 0x0000000086b00000|  0%| F|  |TAMS 0x0000000086a00000| PB 0x0000000086a00000| Untracked 
|  67|0x0000000086b00000, 0x0000000086b00000, 0x0000000086c00000|  0%| F|  |TAMS 0x0000000086b00000| PB 0x0000000086b00000| Untracked 
|  68|0x0000000086c00000, 0x0000000086c00000, 0x0000000086d00000|  0%| F|  |TAMS 0x0000000086c00000| PB 0x0000000086c00000| Untracked 
|  69|0x0000000086d00000, 0x0000000086d00000, 0x0000000086e00000|  0%| F|  |TAMS 0x0000000086d00000| PB 0x0000000086d00000| Untracked 
|  70|0x0000000086e00000, 0x0000000086e00000, 0x0000000086f00000|  0%| F|  |TAMS 0x0000000086e00000| PB 0x0000000086e00000| Untracked 
|  71|0x0000000086f00000, 0x0000000086f00000, 0x0000000087000000|  0%| F|  |TAMS 0x0000000086f00000| PB 0x0000000086f00000| Untracked 
|  72|0x0000000087000000, 0x0000000087000000, 0x0000000087100000|  0%| F|  |TAMS 0x0000000087000000| PB 0x0000000087000000| Untracked 
|  73|0x0000000087100000, 0x0000000087100000, 0x0000000087200000|  0%| F|  |TAMS 0x0000000087100000| PB 0x0000000087100000| Untracked 
|  74|0x0000000087200000, 0x0000000087200000, 0x0000000087300000|  0%| F|  |TAMS 0x0000000087200000| PB 0x0000000087200000| Untracked 
|  75|0x0000000087300000, 0x0000000087300000, 0x0000000087400000|  0%| F|  |TAMS 0x0000000087300000| PB 0x0000000087300000| Untracked 
|  76|0x0000000087400000, 0x0000000087400000, 0x0000000087500000|  0%| F|  |TAMS 0x0000000087400000| PB 0x0000000087400000| Untracked 
|  77|0x0000000087500000, 0x0000000087500000, 0x0000000087600000|  0%| F|  |TAMS 0x0000000087500000| PB 0x0000000087500000| Untracked 
|  78|0x0000000087600000, 0x0000000087600000, 0x0000000087700000|  0%| F|  |TAMS 0x0000000087600000| PB 0x0000000087600000| Untracked 
|  79|0x0000000087700000, 0x0000000087700000, 0x0000000087800000|  0%| F|  |TAMS 0x0000000087700000| PB 0x0000000087700000| Untracked 
|  80|0x0000000087800000, 0x0000000087800000, 0x0000000087900000|  0%| F|  |TAMS 0x0000000087800000| PB 0x0000000087800000| Untracked 
|  81|0x0000000087900000, 0x0000000087900000, 0x0000000087a00000|  0%| F|  |TAMS 0x0000000087900000| PB 0x0000000087900000| Untracked 
|  82|0x0000000087a00000, 0x0000000087a00000, 0x0000000087b00000|  0%| F|  |TAMS 0x0000000087a00000| PB 0x0000000087a00000| Untracked 
|  83|0x0000000087b00000, 0x0000000087b00000, 0x0000000087c00000|  0%| F|  |TAMS 0x0000000087b00000| PB 0x0000000087b00000| Untracked 
|  84|0x0000000087c00000, 0x0000000087c00000, 0x0000000087d00000|  0%| F|  |TAMS 0x0000000087c00000| PB 0x0000000087c00000| Untracked 
|  85|0x0000000087d00000, 0x0000000087d00000, 0x0000000087e00000|  0%| F|  |TAMS 0x0000000087d00000| PB 0x0000000087d00000| Untracked 
|  86|0x0000000087e00000, 0x0000000087e00000, 0x0000000087f00000|  0%| F|  |TAMS 0x0000000087e00000| PB 0x0000000087e00000| Untracked 
|  87|0x0000000087f00000, 0x0000000087f00000, 0x0000000088000000|  0%| F|  |TAMS 0x0000000087f00000| PB 0x0000000087f00000| Untracked 
|  88|0x0000000088000000, 0x0000000088000000, 0x0000000088100000|  0%| F|  |TAMS 0x0000000088000000| PB 0x0000000088000000| Untracked 
|  89|0x0000000088100000, 0x000000008815d868, 0x0000000088200000| 36%| S|CS|TAMS 0x0000000088100000| PB 0x0000000088100000| Complete 
|  90|0x0000000088200000, 0x0000000088300000, 0x0000000088300000|100%| S|CS|TAMS 0x0000000088200000| PB 0x0000000088200000| Complete 
|  91|0x0000000088300000, 0x0000000088400000, 0x0000000088400000|100%| S|CS|TAMS 0x0000000088300000| PB 0x0000000088300000| Complete 
|  92|0x0000000088400000, 0x0000000088500000, 0x0000000088500000|100%| S|CS|TAMS 0x0000000088400000| PB 0x0000000088400000| Complete 
|  93|0x0000000088500000, 0x0000000088500000, 0x0000000088600000|  0%| F|  |TAMS 0x0000000088500000| PB 0x0000000088500000| Untracked 
|  94|0x0000000088600000, 0x0000000088600000, 0x0000000088700000|  0%| F|  |TAMS 0x0000000088600000| PB 0x0000000088600000| Untracked 
|  95|0x0000000088700000, 0x0000000088700000, 0x0000000088800000|  0%| F|  |TAMS 0x0000000088700000| PB 0x0000000088700000| Untracked 
|  96|0x0000000088800000, 0x0000000088800000, 0x0000000088900000|  0%| F|  |TAMS 0x0000000088800000| PB 0x0000000088800000| Untracked 
|  97|0x0000000088900000, 0x0000000088900000, 0x0000000088a00000|  0%| F|  |TAMS 0x0000000088900000| PB 0x0000000088900000| Untracked 
|  98|0x0000000088a00000, 0x0000000088a00000, 0x0000000088b00000|  0%| F|  |TAMS 0x0000000088a00000| PB 0x0000000088a00000| Untracked 
|  99|0x0000000088b00000, 0x0000000088b00000, 0x0000000088c00000|  0%| F|  |TAMS 0x0000000088b00000| PB 0x0000000088b00000| Untracked 
| 100|0x0000000088c00000, 0x0000000088c00000, 0x0000000088d00000|  0%| F|  |TAMS 0x0000000088c00000| PB 0x0000000088c00000| Untracked 
| 101|0x0000000088d00000, 0x0000000088d00000, 0x0000000088e00000|  0%| F|  |TAMS 0x0000000088d00000| PB 0x0000000088d00000| Untracked 
| 102|0x0000000088e00000, 0x0000000088e00000, 0x0000000088f00000|  0%| F|  |TAMS 0x0000000088e00000| PB 0x0000000088e00000| Untracked 
| 103|0x0000000088f00000, 0x0000000088f00000, 0x0000000089000000|  0%| F|  |TAMS 0x0000000088f00000| PB 0x0000000088f00000| Untracked 
| 104|0x0000000089000000, 0x0000000089000000, 0x0000000089100000|  0%| F|  |TAMS 0x0000000089000000| PB 0x0000000089000000| Untracked 
| 105|0x0000000089100000, 0x0000000089100000, 0x0000000089200000|  0%| F|  |TAMS 0x0000000089100000| PB 0x0000000089100000| Untracked 
| 106|0x0000000089200000, 0x0000000089200000, 0x0000000089300000|  0%| F|  |TAMS 0x0000000089200000| PB 0x0000000089200000| Untracked 
| 107|0x0000000089300000, 0x0000000089300000, 0x0000000089400000|  0%| F|  |TAMS 0x0000000089300000| PB 0x0000000089300000| Untracked 
| 108|0x0000000089400000, 0x0000000089400000, 0x0000000089500000|  0%| F|  |TAMS 0x0000000089400000| PB 0x0000000089400000| Untracked 
| 109|0x0000000089500000, 0x0000000089500000, 0x0000000089600000|  0%| F|  |TAMS 0x0000000089500000| PB 0x0000000089500000| Untracked 
| 110|0x0000000089600000, 0x0000000089600000, 0x0000000089700000|  0%| F|  |TAMS 0x0000000089600000| PB 0x0000000089600000| Untracked 
| 111|0x0000000089700000, 0x0000000089700000, 0x0000000089800000|  0%| F|  |TAMS 0x0000000089700000| PB 0x0000000089700000| Untracked 
| 112|0x0000000089800000, 0x0000000089800000, 0x0000000089900000|  0%| F|  |TAMS 0x0000000089800000| PB 0x0000000089800000| Untracked 
| 113|0x0000000089900000, 0x0000000089900000, 0x0000000089a00000|  0%| F|  |TAMS 0x0000000089900000| PB 0x0000000089900000| Untracked 
| 114|0x0000000089a00000, 0x0000000089a00000, 0x0000000089b00000|  0%| F|  |TAMS 0x0000000089a00000| PB 0x0000000089a00000| Untracked 
| 115|0x0000000089b00000, 0x0000000089b00000, 0x0000000089c00000|  0%| F|  |TAMS 0x0000000089b00000| PB 0x0000000089b00000| Untracked 
| 116|0x0000000089c00000, 0x0000000089c00000, 0x0000000089d00000|  0%| F|  |TAMS 0x0000000089c00000| PB 0x0000000089c00000| Untracked 
| 117|0x0000000089d00000, 0x0000000089d00000, 0x0000000089e00000|  0%| F|  |TAMS 0x0000000089d00000| PB 0x0000000089d00000| Untracked 
| 118|0x0000000089e00000, 0x0000000089e00000, 0x0000000089f00000|  0%| F|  |TAMS 0x0000000089e00000| PB 0x0000000089e00000| Untracked 
| 119|0x0000000089f00000, 0x0000000089f00000, 0x000000008a000000|  0%| F|  |TAMS 0x0000000089f00000| PB 0x0000000089f00000| Untracked 
| 120|0x000000008a000000, 0x000000008a000000, 0x000000008a100000|  0%| F|  |TAMS 0x000000008a000000| PB 0x000000008a000000| Untracked 
| 121|0x000000008a100000, 0x000000008a100000, 0x000000008a200000|  0%| F|  |TAMS 0x000000008a100000| PB 0x000000008a100000| Untracked 
| 122|0x000000008a200000, 0x000000008a200000, 0x000000008a300000|  0%| F|  |TAMS 0x000000008a200000| PB 0x000000008a200000| Untracked 
| 123|0x000000008a300000, 0x000000008a36e088, 0x000000008a400000| 42%| E|  |TAMS 0x000000008a300000| PB 0x000000008a300000| Complete 
| 124|0x000000008a400000, 0x000000008a500000, 0x000000008a500000|100%| E|CS|TAMS 0x000000008a400000| PB 0x000000008a400000| Complete 
| 125|0x000000008a500000, 0x000000008a600000, 0x000000008a600000|100%| E|CS|TAMS 0x000000008a500000| PB 0x000000008a500000| Complete 

Card table byte_map: [0x0000017f5a870000,0x0000017f5ac60000] _byte_map_base: 0x0000017f5a45c000

Marking Bits: (CMBitMap*) 0x0000017f47802d40
 Bits: [0x0000017f5ac60000, 0x0000017f5cbc0000)

Polling page: 0x0000017f45610000

Metaspace:

Usage:
  Non-class:     15.38 MB used.
      Class:      2.15 MB used.
       Both:     17.53 MB used.

Virtual space:
  Non-class space:       64.00 MB reserved,      15.62 MB ( 24%) committed,  1 nodes.
      Class space:        1.00 GB reserved,       2.38 MB ( <1%) committed,  1 nodes.
             Both:        1.06 GB reserved,      18.00 MB (  2%) committed. 

Chunk freelists:
   Non-Class:  432.00 KB
       Class:  13.61 MB
        Both:  14.03 MB

MaxMetaspaceSize: unlimited
CompressedClassSpaceSize: 1.00 GB
Initial GC threshold: 21.00 MB
Current GC threshold: 21.00 MB
CDS: on
 - commit_granule_bytes: 65536.
 - commit_granule_words: 8192.
 - virtual_space_node_default_size: 8388608.
 - enlarge_chunks_in_place: 1.
 - use_allocation_guard: 0.


Internal statistics:

num_allocs_failed_limit: 0.
num_arena_births: 508.
num_arena_deaths: 0.
num_vsnodes_births: 2.
num_vsnodes_deaths: 0.
num_space_committed: 288.
num_space_uncommitted: 0.
num_chunks_returned_to_freelist: 0.
num_chunks_taken_from_freelist: 1030.
num_chunk_merges: 0.
num_chunk_splits: 605.
num_chunks_enlarged: 333.
num_inconsistent_stats: 0.

CodeHeap 'non-profiled nmethods': size=120000Kb used=853Kb max_used=853Kb free=119146Kb
 bounds [0x0000017f52c10000, 0x0000017f52e80000, 0x0000017f5a140000]
CodeHeap 'profiled nmethods': size=120000Kb used=4237Kb max_used=4237Kb free=115762Kb
 bounds [0x0000017f4b140000, 0x0000017f4b570000, 0x0000017f52670000]
CodeHeap 'non-nmethods': size=5760Kb used=1528Kb max_used=1578Kb free=4231Kb
 bounds [0x0000017f52670000, 0x0000017f528e0000, 0x0000017f52c10000]
CodeCache: size=245760Kb, used=6618Kb, max_used=6668Kb, free=239139Kb
 total_blobs=2894, nmethods=2298, adapters=500, full_count=0
Compilation: enabled, stopped_count=0, restarted_count=0

Compilation events (20 events):
Event: 3.836 Thread 0x0000017f5f63a010 2285       3       java.util.concurrent.ConcurrentHashMap$KeyIterator::next (34 bytes)
Event: 3.837 Thread 0x0000017f5f63a010 nmethod 2285 0x0000017f4b55db10 code [0x0000017f4b55dce0, 0x0000017f4b55dfa0]
Event: 3.837 Thread 0x0000017f5f62f560 nmethod 2280 0x0000017f52ce3a90 code [0x0000017f52ce3c40, 0x0000017f52ce3ec0]
Event: 3.837 Thread 0x0000017f5f62f560 2282       4       java.io.BufferedInputStream::getBufIfOpen (61 bytes)
Event: 3.838 Thread 0x0000017f5f63a010 2286       3       java.lang.invoke.MethodHandles$Lookup::restrictProtectedReceiver (51 bytes)
Event: 3.839 Thread 0x0000017f5f63a010 nmethod 2286 0x0000017f4b55e110 code [0x0000017f4b55e300, 0x0000017f4b55e7d8]
Event: 3.841 Thread 0x0000017f5f62f560 nmethod 2282 0x0000017f52ce3f90 code [0x0000017f52ce4120, 0x0000017f52ce4438]
Event: 3.841 Thread 0x0000017f5f62f560 2283       4       java.io.BufferedInputStream::read1 (121 bytes)
Event: 3.842 Thread 0x0000017f5f63a010 2287       3       java.util.HashSet::contains (9 bytes)
Event: 3.842 Thread 0x0000017f5f63a010 nmethod 2287 0x0000017f4b55e990 code [0x0000017f4b55eb40, 0x0000017f4b55ed18]
Event: 3.849 Thread 0x0000017f5f62f560 nmethod 2283 0x0000017f52ce4510 code [0x0000017f52ce46e0, 0x0000017f52ce4c68]
Event: 3.849 Thread 0x0000017f5f62f560 2284   !   4       java.io.BufferedInputStream::read (69 bytes)
Event: 3.855 Thread 0x0000017f5f63a010 2288       3       java.lang.invoke.DirectMethodHandle$Holder::newInvokeSpecial (24 bytes)
Event: 3.855 Thread 0x0000017f5f63a010 nmethod 2288 0x0000017f4b55ee10 code [0x0000017f4b55f000, 0x0000017f4b55f5b0]
Event: 3.856 Thread 0x0000017f5f63a010 2290       3       java.util.regex.Matcher::start (18 bytes)
Event: 3.857 Thread 0x0000017f5f63a010 nmethod 2290 0x0000017f4b55f790 code [0x0000017f4b55f980, 0x0000017f4b55fd18]
Event: 3.857 Thread 0x0000017f5f63a010 2289       3       java.util.regex.Matcher::end (20 bytes)
Event: 3.857 Thread 0x0000017f5f63a010 nmethod 2289 0x0000017f4b55fe90 code [0x0000017f4b560080, 0x0000017f4b560418]
Event: 3.857 Thread 0x0000017f5f63a010 2291       3       java.util.ArrayList$Itr::next (66 bytes)
Event: 3.858 Thread 0x0000017f5f63a010 nmethod 2291 0x0000017f4b560590 code [0x0000017f4b560780, 0x0000017f4b560ba0]

GC Heap History (4 events):
Event: 1.542 GC heap before
{Heap before GC invocations=0 (full 0):
 garbage-first heap   total 129024K, used 23552K [0x0000000082800000, 0x0000000100000000)
  region size 1024K, 23 young (23552K), 0 survivors (0K)
 Metaspace       used 8198K, committed 8448K, reserved 1114112K
  class space    used 981K, committed 1088K, reserved 1048576K
}
Event: 1.550 GC heap after
{Heap after GC invocations=1 (full 0):
 garbage-first heap   total 129024K, used 6596K [0x0000000082800000, 0x0000000100000000)
  region size 1024K, 3 young (3072K), 3 survivors (3072K)
 Metaspace       used 8198K, committed 8448K, reserved 1114112K
  class space    used 981K, committed 1088K, reserved 1048576K
}
Event: 3.795 GC heap before
{Heap before GC invocations=1 (full 0):
 garbage-first heap   total 129024K, used 36292K [0x0000000082800000, 0x0000000100000000)
  region size 1024K, 33 young (33792K), 3 survivors (3072K)
 Metaspace       used 17582K, committed 17984K, reserved 1114112K
  class space    used 2157K, committed 2304K, reserved 1048576K
}
Event: 3.805 GC heap after
{Heap after GC invocations=2 (full 0):
 garbage-first heap   total 129024K, used 10387K [0x0000000082800000, 0x0000000100000000)
  region size 1024K, 4 young (4096K), 4 survivors (4096K)
 Metaspace       used 17582K, committed 17984K, reserved 1114112K
  class space    used 2157K, committed 2304K, reserved 1048576K
}

Dll operation events (8 events):
Event: 0.017 Loaded shared library C:\Users\sathy\Downloads\eclipse-committers-2025-09-R-win32-x86_64\eclipse\plugins\org.eclipse.justj.openjdk.hotspot.jre.full.win32.x86_64_21.0.8.v20250724-1412\jre\bin\java.dll
Event: 0.064 Loaded shared library C:\Users\sathy\Downloads\eclipse-committers-2025-09-R-win32-x86_64\eclipse\plugins\org.eclipse.justj.openjdk.hotspot.jre.full.win32.x86_64_21.0.8.v20250724-1412\jre\bin\zip.dll
Event: 0.179 Loaded shared library C:\Users\sathy\Downloads\eclipse-committers-2025-09-R-win32-x86_64\eclipse\plugins\org.eclipse.justj.openjdk.hotspot.jre.full.win32.x86_64_21.0.8.v20250724-1412\jre\bin\net.dll
Event: 0.183 Loaded shared library C:\Users\sathy\Downloads\eclipse-committers-2025-09-R-win32-x86_64\eclipse\plugins\org.eclipse.justj.openjdk.hotspot.jre.full.win32.x86_64_21.0.8.v20250724-1412\jre\bin\nio.dll
Event: 0.191 Loaded shared library C:\Users\sathy\Downloads\eclipse-committers-2025-09-R-win32-x86_64\eclipse\plugins\org.eclipse.justj.openjdk.hotspot.jre.full.win32.x86_64_21.0.8.v20250724-1412\jre\bin\zip.dll
Event: 0.491 Loaded shared library C:\Users\sathy\Downloads\eclipse-committers-2025-09-R-win32-x86_64\eclipse\plugins\org.eclipse.justj.openjdk.hotspot.jre.full.win32.x86_64_21.0.8.v20250724-1412\jre\bin\jimage.dll
Event: 0.795 Loaded shared library C:\Users\sathy\Downloads\eclipse-committers-2025-09-R-win32-x86_64\eclipse\plugins\org.eclipse.justj.openjdk.hotspot.jre.full.win32.x86_64_21.0.8.v20250724-1412\jre\bin\extnet.dll
Event: 1.838 Loaded shared library C:\Users\sathy\Downloads\eclipse-committers-2025-09-R-win32-x86_64\eclipse\plugins\org.eclipse.justj.openjdk.hotspot.jre.full.win32.x86_64_21.0.8.v20250724-1412\jre\bin\sunmscapi.dll

Deoptimization events (20 events):
Event: 2.148 Thread 0x0000017f45359480 Uncommon trap: trap_request=0xffffffde fr.pc=0x0000017f52c92010 relative=0x0000000000000330
Event: 2.148 Thread 0x0000017f45359480 Uncommon trap: reason=class_check action=maybe_recompile pc=0x0000017f52c92010 method=java.util.regex.Pattern$BmpCharPropertyGreedy.match(Ljava/util/regex/Matcher;ILjava/lang/CharSequence;)Z @ 26 c2
Event: 2.148 Thread 0x0000017f45359480 DEOPT PACKING pc=0x0000017f52c92010 sp=0x0000002b920fd380
Event: 2.148 Thread 0x0000017f45359480 DEOPT UNPACKING pc=0x0000017f526c46a2 sp=0x0000002b920fd338 mode 2
Event: 2.170 Thread 0x0000017f64b9af60 Uncommon trap: trap_request=0xffffffde fr.pc=0x0000017f52c92010 relative=0x0000000000000330
Event: 2.170 Thread 0x0000017f64b9af60 Uncommon trap: reason=class_check action=maybe_recompile pc=0x0000017f52c92010 method=java.util.regex.Pattern$BmpCharPropertyGreedy.match(Ljava/util/regex/Matcher;ILjava/lang/CharSequence;)Z @ 26 c2
Event: 2.170 Thread 0x0000017f64b9af60 DEOPT PACKING pc=0x0000017f52c92010 sp=0x0000002b941fe170
Event: 2.170 Thread 0x0000017f64b9af60 DEOPT UNPACKING pc=0x0000017f526c46a2 sp=0x0000002b941fe108 mode 2
Event: 2.178 Thread 0x0000017f64b9af60 Uncommon trap: trap_request=0xffffff45 fr.pc=0x0000017f52c61b7c relative=0x000000000000019c
Event: 2.178 Thread 0x0000017f64b9af60 Uncommon trap: reason=unstable_if action=reinterpret pc=0x0000017f52c61b7c method=java.lang.invoke.VarHandle.checkAccessModeThenIsDirect(Ljava/lang/invoke/VarHandle$AccessDescriptor;)Z @ 4 c2
Event: 2.178 Thread 0x0000017f64b9af60 DEOPT PACKING pc=0x0000017f52c61b7c sp=0x0000002b941fe700
Event: 2.178 Thread 0x0000017f64b9af60 DEOPT UNPACKING pc=0x0000017f526c46a2 sp=0x0000002b941fe658 mode 2
Event: 3.727 Thread 0x0000017f45359480 Uncommon trap: trap_request=0xffffff45 fr.pc=0x0000017f52c9392c relative=0x0000000000000e2c
Event: 3.727 Thread 0x0000017f45359480 Uncommon trap: reason=unstable_if action=reinterpret pc=0x0000017f52c9392c method=java.util.concurrent.ConcurrentHashMap.putVal(Ljava/lang/Object;Ljava/lang/Object;Z)Ljava/lang/Object; @ 231 c2
Event: 3.727 Thread 0x0000017f45359480 DEOPT PACKING pc=0x0000017f52c9392c sp=0x0000002b920fe050
Event: 3.727 Thread 0x0000017f45359480 DEOPT UNPACKING pc=0x0000017f526c46a2 sp=0x0000002b920fdfb0 mode 2
Event: 3.808 Thread 0x0000017f45359480 Uncommon trap: trap_request=0xfffffff4 fr.pc=0x0000017f52ccd4a4 relative=0x00000000000001e4
Event: 3.808 Thread 0x0000017f45359480 Uncommon trap: reason=null_check action=make_not_entrant pc=0x0000017f52ccd4a4 method=java.lang.invoke.MethodType.equals(Ljava/lang/Object;)Z @ 8 c2
Event: 3.808 Thread 0x0000017f45359480 DEOPT PACKING pc=0x0000017f52ccd4a4 sp=0x0000002b920fc9b0
Event: 3.808 Thread 0x0000017f45359480 DEOPT UNPACKING pc=0x0000017f526c46a2 sp=0x0000002b920fc950 mode 2

Classes loaded (20 events):
Event: 3.846 Loading class sun/util/resources/Bundles$2
Event: 3.846 Loading class sun/util/resources/Bundles$2 done
Event: 3.854 Loading class java/text/FieldPosition$Delegate
Event: 3.854 Loading class java/text/FieldPosition$Delegate done
Event: 3.854 Loading class java/util/logging/Level$RbAccess
Event: 3.855 Loading class java/util/logging/Level$RbAccess done
Event: 3.855 Loading class sun/util/logging/resources/logging
Event: 3.855 Loading class sun/util/logging/resources/logging done
Event: 3.855 Loading class sun/util/logging/resources/logging_en
Event: 3.855 Loading class sun/util/logging/resources/logging_en done
Event: 3.855 Loading class sun/util/logging/resources/logging_en
Event: 3.855 Loading class sun/util/logging/resources/logging_en done
Event: 3.855 Loading class sun/util/logging/resources/logging_en_IN
Event: 3.855 Loading class sun/util/logging/resources/logging_en_IN done
Event: 3.855 Loading class sun/util/logging/resources/logging_en_IN
Event: 3.855 Loading class sun/util/logging/resources/logging_en_IN done
Event: 3.856 Loading class java/util/Formatter$DateTime
Event: 3.856 Loading class java/util/Formatter$DateTime done
Event: 3.856 Loading class java/time/ZonedDateTime$1
Event: 3.856 Loading class java/time/ZonedDateTime$1 done

Classes unloaded (0 events):
No events

Classes redefined (0 events):
No events

Internal exceptions (20 events):
Event: 1.822 Thread 0x0000017f45359480 Exception <a 'java/lang/NoSuchMethodError'{0x000000008a1e2530}: 'int java.lang.invoke.Invokers$Holder.linkToTargetMethod(java.lang.Object, java.lang.Object, java.lang.Object)'> (0x000000008a1e2530) 
thrown [s\src\hotspot\share\interpreter\linkResolver.cpp, line 773]
Event: 1.826 Thread 0x0000017f45359480 Exception <a 'java/lang/NoSuchMethodError'{0x000000008a0143e8}: 'long java.lang.invoke.DirectMethodHandle$Holder.invokeSpecial(java.lang.Object, java.lang.Object)'> (0x000000008a0143e8) 
thrown [s\src\hotspot\share\interpreter\linkResolver.cpp, line 773]
Event: 1.882 Thread 0x0000017f45359480 Exception <a 'sun/nio/fs/WindowsException'{0x0000000089f27d90}> (0x0000000089f27d90) 
thrown [s\src\hotspot\share\prims\jni.cpp, line 520]
Event: 2.145 Thread 0x0000017f45359480 Exception <a 'java/lang/NoSuchMethodError'{0x000000008957d1a8}: 'java.lang.Object java.lang.invoke.DirectMethodHandle$Holder.invokeInterface(java.lang.Object, java.lang.Object, java.lang.Object)'> (0x000000008957d1a8) 
thrown [s\src\hotspot\share\interpreter\linkResolver.cpp, line 773]
Event: 2.146 Thread 0x0000017f45359480 Exception <a 'java/lang/IncompatibleClassChangeError'{0x00000000895805b0}: Found class java.lang.Object, but interface was expected> (0x00000000895805b0) 
thrown [s\src\hotspot\share\interpreter\linkResolver.cpp, line 840]
Event: 2.147 Thread 0x0000017f45359480 Exception <a 'java/lang/NoSuchMethodError'{0x0000000089587ce8}: 'int java.lang.invoke.DirectMethodHandle$Holder.invokeSpecialIFC(java.lang.Object, java.lang.Object, java.lang.Object, java.lang.Object)'> (0x0000000089587ce8) 
thrown [s\src\hotspot\share\interpreter\linkResolver.cpp, line 773]
Event: 2.151 Thread 0x0000017f45359480 Exception <a 'java/lang/NoSuchMethodError'{0x00000000895aa870}: 'java.lang.Object java.lang.invoke.DirectMethodHandle$Holder.invokeVirtual(java.lang.Object, java.lang.Object, java.lang.Object, java.lang.Object)'> (0x00000000895aa870) 
thrown [s\src\hotspot\share\interpreter\linkResolver.cpp, line 773]
Event: 2.179 Thread 0x0000017f64b9af60 Exception <a 'java/net/ConnectException'{0x0000000089430ce8}: Connection refused: getsockopt> (0x0000000089430ce8) 
thrown [s\src\hotspot\share\prims\jni.cpp, line 539]
Event: 2.204 Thread 0x0000017f64b9af60 Exception <a 'java/net/ConnectException'{0x0000000089431f10}: Connection refused: getsockopt> (0x0000000089431f10) 
thrown [s\src\hotspot\share\prims\jni.cpp, line 539]
Event: 2.287 Thread 0x0000017f45359480 Exception <a 'java/lang/NoSuchMethodError'{0x000000008930c800}: 'java.lang.Object java.lang.invoke.DirectMethodHandle$Holder.newInvokeSpecial(java.lang.Object, java.lang.Object, int, int)'> (0x000000008930c800) 
thrown [s\src\hotspot\share\interpreter\linkResolver.cpp, line 773]
Event: 2.290 Thread 0x0000017f45359480 Exception <a 'java/lang/NoSuchMethodError'{0x0000000089316fc8}: 'void java.lang.invoke.DirectMethodHandle$Holder.invokeStatic(java.lang.Object, java.lang.Object, int)'> (0x0000000089316fc8) 
thrown [s\src\hotspot\share\interpreter\linkResolver.cpp, line 773]
Event: 2.346 Thread 0x0000017f64c203e0 Exception <a 'java/lang/NoSuchMethodError'{0x0000000089189ec8}: 'java.lang.Object java.lang.invoke.DirectMethodHandle$Holder.invokeSpecial(java.lang.Object, java.lang.Object, java.lang.Object, java.lang.Object, int)'> (0x0000000089189ec8) 
thrown [s\src\hotspot\share\interpreter\linkResolver.cpp, line 773]
Event: 2.346 Thread 0x0000017f64c203e0 Exception <a 'java/lang/NoSuchMethodError'{0x000000008918d830}: 'java.lang.Object java.lang.invoke.Invokers$Holder.linkToTargetMethod(java.lang.Object, java.lang.Object, int, java.lang.Object)'> (0x000000008918d830) 
thrown [s\src\hotspot\share\interpreter\linkResolver.cpp, line 773]
Event: 2.378 Thread 0x0000017f64c203e0 Exception <a 'java/lang/NoSuchMethodError'{0x00000000890a26f0}: 'void java.lang.invoke.DirectMethodHandle$Holder.invokeSpecial(java.lang.Object, java.lang.Object, java.lang.Object, java.lang.Object, java.lang.Object)'> (0x00000000890a26f0) 
thrown [s\src\hotspot\share\interpreter\linkResolver.cpp, line 773]
Event: 2.401 Thread 0x0000017f64c1e310 Exception <a 'java/lang/NoSuchMethodError'{0x0000000088f5cc48}: 'int java.lang.invoke.DirectMethodHandle$Holder.invokeSpecialIFC(java.lang.Object, java.lang.Object, java.lang.Object, java.lang.Object, java.lang.Object)'> (0x0000000088f5cc48) 
thrown [s\src\hotspot\share\interpreter\linkResolver.cpp, line 773]
Event: 3.528 Thread 0x0000017f64c1e310 Exception <a 'java/lang/NoSuchMethodError'{0x0000000088b5a3f8}: 'java.lang.Object java.lang.invoke.DirectMethodHandle$Holder.newInvokeSpecial(java.lang.Object, java.lang.Object, long, java.lang.Object, java.lang.Object, java.lang.Object)'> (0x0000000088b5a3f8) 
thrown [s\src\hotspot\share\interpreter\linkResolver.cpp, line 773]
Event: 3.536 Thread 0x0000017f64c1e310 Exception <a 'java/lang/NoSuchMethodError'{0x0000000088b7e050}: 'void java.lang.invoke.DirectMethodHandle$Holder.invokeSpecial(java.lang.Object, java.lang.Object, java.lang.Object, java.lang.Object, java.lang.Object, java.lang.Object, java.lang.Object)'> (0x0000000088b7e050) 
thrown [s\src\hotspot\share\interpreter\linkResolver.cpp, line 773]
Event: 3.694 Thread 0x0000017f45359480 Exception <a 'java/lang/NoSuchMethodError'{0x00000000893b27f8}: 'java.lang.Object java.lang.invoke.DirectMethodHandle$Holder.invokeSpecialIFC(java.lang.Object, java.lang.Object, java.lang.Object)'> (0x00000000893b27f8) 
thrown [s\src\hotspot\share\interpreter\linkResolver.cpp, line 773]
Event: 3.808 Thread 0x0000017f45359480 Implicit null exception at 0x0000017f52ccd309 to 0x0000017f52ccd494
Event: 3.855 Thread 0x0000017f45359480 Exception <a 'java/lang/ClassNotFoundException'{0x000000008a471440}: sun/util/logging/resources/spi/loggingProvider> (0x000000008a471440) 
thrown [s\src\hotspot\share\classfile\systemDictionary.cpp, line 312]

ZGC Phase Switch (0 events):
No events

VM Operations (20 events):
Event: 1.884 Executing VM operation: HandshakeAllThreads (Deoptimize)
Event: 1.884 Executing VM operation: HandshakeAllThreads (Deoptimize) done
Event: 1.950 Executing VM operation: HandshakeAllThreads (Deoptimize)
Event: 1.950 Executing VM operation: HandshakeAllThreads (Deoptimize) done
Event: 2.084 Executing VM operation: HandshakeAllThreads (Deoptimize)
Event: 2.084 Executing VM operation: HandshakeAllThreads (Deoptimize) done
Event: 2.159 Executing VM operation: HandshakeAllThreads (Deoptimize)
Event: 2.159 Executing VM operation: HandshakeAllThreads (Deoptimize) done
Event: 2.244 Executing VM operation: HandshakeAllThreads (Deoptimize)
Event: 2.245 Executing VM operation: HandshakeAllThreads (Deoptimize) done
Event: 3.259 Executing VM operation: Cleanup
Event: 3.259 Executing VM operation: Cleanup done
Event: 3.501 Executing VM operation: HandshakeAllThreads (Deoptimize)
Event: 3.501 Executing VM operation: HandshakeAllThreads (Deoptimize) done
Event: 3.505 Executing VM operation: HandshakeAllThreads (Deoptimize)
Event: 3.505 Executing VM operation: HandshakeAllThreads (Deoptimize) done
Event: 3.795 Executing VM operation: G1CollectForAllocation (G1 Evacuation Pause)
Event: 3.805 Executing VM operation: G1CollectForAllocation (G1 Evacuation Pause) done
Event: 3.833 Executing VM operation: HandshakeAllThreads (Deoptimize)
Event: 3.833 Executing VM operation: HandshakeAllThreads (Deoptimize) done

Memory protections (0 events):
No events

Nmethod flushes (0 events):
No events

Events (20 events):
Event: 1.998 Thread 0x0000017f5f63a010 Thread added: 0x0000017f64bb5a40
Event: 2.127 Thread 0x0000017f45359480 Thread added: 0x0000017f64b99020
Event: 2.157 Thread 0x0000017f45359480 Thread added: 0x0000017f64ba0680
Event: 2.160 Thread 0x0000017f45359480 Thread added: 0x0000017f64b99e90
Event: 2.160 Thread 0x0000017f45359480 Thread added: 0x0000017f64b9a4f0
Event: 2.165 Thread 0x0000017f64b99e90 Thread added: 0x0000017f64b9af60
Event: 2.244 Thread 0x0000017f64b9af60 Thread added: 0x0000017f64bd9680
Event: 2.264 Thread 0x0000017f64bb5a40 Thread exited: 0x0000017f64bb5a40
Event: 2.303 Thread 0x0000017f45359480 Thread added: 0x0000017f64c203e0
Event: 2.306 Thread 0x0000017f45359480 Thread added: 0x0000017f64c1f030
Event: 2.329 Thread 0x0000017f5f63a010 Thread added: 0x0000017f64d6d760
Event: 2.398 Thread 0x0000017f64b99020 Thread added: 0x0000017f64c1e310
Event: 2.400 Thread 0x0000017f64b99020 Thread added: 0x0000017f64c20a70
Event: 2.401 Thread 0x0000017f64b99020 Thread added: 0x0000017f64c1d5f0
Event: 3.499 Thread 0x0000017f64d6d760 Thread exited: 0x0000017f64d6d760
Event: 3.742 Thread 0x0000017f45359480 Thread added: 0x0000017f64c1e9a0
Event: 3.743 Thread 0x0000017f45359480 Thread added: 0x0000017f64c1f6c0
Event: 3.746 Thread 0x0000017f64c1e9a0 Thread added: 0x0000017f64c1fd50
Event: 3.746 Thread 0x0000017f64c1e9a0 Thread added: 0x0000017f64c1dc80
Event: 3.746 Thread 0x0000017f64c1e9a0 Thread added: 0x0000017f6545d2d0


Dynamic libraries:
0x00007ff796a20000 - 0x00007ff796a2e000 	C:\Users\sathy\Downloads\eclipse-committers-2025-09-R-win32-x86_64\eclipse\plugins\org.eclipse.justj.openjdk.hotspot.jre.full.win32.x86_64_21.0.8.v20250724-1412\jre\bin\javaw.exe
0x00007ff9f8730000 - 0x00007ff9f8948000 	C:\WINDOWS\SYSTEM32\ntdll.dll
0x00007ff9f7320000 - 0x00007ff9f73e4000 	C:\WINDOWS\System32\KERNEL32.DLL
0x00007ff9f5ff0000 - 0x00007ff9f63c3000 	C:\WINDOWS\System32\KERNELBASE.dll
0x00007ff9f59e0000 - 0x00007ff9f5af1000 	C:\WINDOWS\System32\ucrtbase.dll
0x00007ff9db850000 - 0x00007ff9db868000 	C:\Users\sathy\Downloads\eclipse-committers-2025-09-R-win32-x86_64\eclipse\plugins\org.eclipse.justj.openjdk.hotspot.jre.full.win32.x86_64_21.0.8.v20250724-1412\jre\bin\jli.dll
0x00007ff9dadc0000 - 0x00007ff9dadde000 	C:\Users\sathy\Downloads\eclipse-committers-2025-09-R-win32-x86_64\eclipse\plugins\org.eclipse.justj.openjdk.hotspot.jre.full.win32.x86_64_21.0.8.v20250724-1412\jre\bin\VCRUNTIME140.dll
0x00007ff9f6590000 - 0x00007ff9f6742000 	C:\WINDOWS\System32\USER32.dll
0x00007ff9e15a0000 - 0x00007ff9e183c000 	C:\WINDOWS\WinSxS\amd64_microsoft.windows.common-controls_6595b64144ccf1df_6.0.22621.6060_none_2712eda17382d24b\COMCTL32.dll
0x00007ff9f5d10000 - 0x00007ff9f5d36000 	C:\WINDOWS\System32\win32u.dll
0x00007ff9f73f0000 - 0x00007ff9f7497000 	C:\WINDOWS\System32\msvcrt.dll
0x00007ff9f7200000 - 0x00007ff9f7229000 	C:\WINDOWS\System32\GDI32.dll
0x00007ff9f5b30000 - 0x00007ff9f5c4b000 	C:\WINDOWS\System32\gdi32full.dll
0x00007ff9f58c0000 - 0x00007ff9f595a000 	C:\WINDOWS\System32\msvcp_win.dll
0x00007ff9f7030000 - 0x00007ff9f7061000 	C:\WINDOWS\System32\IMM32.DLL
0x0000000062480000 - 0x000000006248c000 	C:\Program Files (x86)\360\Total Security\safemon\SafeWrapper.dll
0x00007ff9efdd0000 - 0x00007ff9efddc000 	C:\Users\sathy\Downloads\eclipse-committers-2025-09-R-win32-x86_64\eclipse\plugins\org.eclipse.justj.openjdk.hotspot.jre.full.win32.x86_64_21.0.8.v20250724-1412\jre\bin\vcruntime140_1.dll
0x00007ff9bcfc0000 - 0x00007ff9bd04d000 	C:\Users\sathy\Downloads\eclipse-committers-2025-09-R-win32-x86_64\eclipse\plugins\org.eclipse.justj.openjdk.hotspot.jre.full.win32.x86_64_21.0.8.v20250724-1412\jre\bin\msvcp140.dll
0x00007ff9685b0000 - 0x00007ff969347000 	C:\Users\sathy\Downloads\eclipse-committers-2025-09-R-win32-x86_64\eclipse\plugins\org.eclipse.justj.openjdk.hotspot.jre.full.win32.x86_64_21.0.8.v20250724-1412\jre\bin\server\jvm.dll
0x00007ff9f7cb0000 - 0x00007ff9f7d61000 	C:\WINDOWS\System32\ADVAPI32.dll
0x00007ff9f63d0000 - 0x00007ff9f6478000 	C:\WINDOWS\System32\sechost.dll
0x00007ff9f5b00000 - 0x00007ff9f5b28000 	C:\WINDOWS\System32\bcrypt.dll
0x00007ff9f6c00000 - 0x00007ff9f6d18000 	C:\WINDOWS\System32\RPCRT4.dll
0x00007ff9f7920000 - 0x00007ff9f7991000 	C:\WINDOWS\System32\WS2_32.dll
0x00007ff9f4ce0000 - 0x00007ff9f4d2d000 	C:\WINDOWS\SYSTEM32\POWRPROF.dll
0x00007ff9f13f0000 - 0x00007ff9f1424000 	C:\WINDOWS\SYSTEM32\WINMM.dll
0x00007ff9f0fa0000 - 0x00007ff9f0faa000 	C:\WINDOWS\SYSTEM32\VERSION.dll
0x00007ff9f4bd0000 - 0x00007ff9f4be3000 	C:\WINDOWS\SYSTEM32\UMPDC.dll
0x00007ff9f4820000 - 0x00007ff9f4838000 	C:\WINDOWS\SYSTEM32\kernel.appcore.dll
0x00007ff9d2480000 - 0x00007ff9d248a000 	C:\Users\sathy\Downloads\eclipse-committers-2025-09-R-win32-x86_64\eclipse\plugins\org.eclipse.justj.openjdk.hotspot.jre.full.win32.x86_64_21.0.8.v20250724-1412\jre\bin\jimage.dll
0x00007ff9f2fd0000 - 0x00007ff9f3203000 	C:\WINDOWS\SYSTEM32\DBGHELP.DLL
0x00007ff9f6750000 - 0x00007ff9f6ae1000 	C:\WINDOWS\System32\combase.dll
0x00007ff9f7230000 - 0x00007ff9f7308000 	C:\WINDOWS\System32\OLEAUT32.dll
0x00007ff9db200000 - 0x00007ff9db232000 	C:\WINDOWS\SYSTEM32\dbgcore.DLL
0x00007ff9f5840000 - 0x00007ff9f58bb000 	C:\WINDOWS\System32\bcryptPrimitives.dll
0x00007ff9c8ae0000 - 0x00007ff9c8aff000 	C:\Users\sathy\Downloads\eclipse-committers-2025-09-R-win32-x86_64\eclipse\plugins\org.eclipse.justj.openjdk.hotspot.jre.full.win32.x86_64_21.0.8.v20250724-1412\jre\bin\java.dll
0x00007ff9f7d70000 - 0x00007ff9f860c000 	C:\WINDOWS\System32\SHELL32.dll
0x00007ff9f5d40000 - 0x00007ff9f5e7f000 	C:\WINDOWS\System32\wintypes.dll
0x00007ff9f3740000 - 0x00007ff9f405a000 	C:\WINDOWS\SYSTEM32\windows.storage.dll
0x00007ff9f6af0000 - 0x00007ff9f6bf4000 	C:\WINDOWS\System32\SHCORE.dll
0x00007ff9f7080000 - 0x00007ff9f70e9000 	C:\WINDOWS\System32\shlwapi.dll
0x00007ff9f5770000 - 0x00007ff9f5795000 	C:\WINDOWS\SYSTEM32\profapi.dll
0x00007ff9c6200000 - 0x00007ff9c6218000 	C:\Users\sathy\Downloads\eclipse-committers-2025-09-R-win32-x86_64\eclipse\plugins\org.eclipse.justj.openjdk.hotspot.jre.full.win32.x86_64_21.0.8.v20250724-1412\jre\bin\zip.dll
0x00007ff9ce8c0000 - 0x00007ff9ce8d0000 	C:\Users\sathy\Downloads\eclipse-committers-2025-09-R-win32-x86_64\eclipse\plugins\org.eclipse.justj.openjdk.hotspot.jre.full.win32.x86_64_21.0.8.v20250724-1412\jre\bin\net.dll
0x00007ff9ef900000 - 0x00007ff9efa2c000 	C:\WINDOWS\SYSTEM32\WINHTTP.dll
0x00007ff9f4df0000 - 0x00007ff9f4e59000 	C:\WINDOWS\system32\mswsock.dll
0x00007ff9aed30000 - 0x00007ff9aed46000 	C:\Users\sathy\Downloads\eclipse-committers-2025-09-R-win32-x86_64\eclipse\plugins\org.eclipse.justj.openjdk.hotspot.jre.full.win32.x86_64_21.0.8.v20250724-1412\jre\bin\nio.dll
0x00007ff9f4330000 - 0x00007ff9f4428000 	C:\WINDOWS\SYSTEM32\DNSAPI.dll
0x00007ff9f4300000 - 0x00007ff9f432d000 	C:\WINDOWS\SYSTEM32\IPHLPAPI.DLL
0x00007ff9f6e40000 - 0x00007ff9f6e49000 	C:\WINDOWS\System32\NSI.dll
0x00007ff9ecbc0000 - 0x00007ff9ecbca000 	C:\Windows\System32\rasadhlp.dll
0x00007ff9ee610000 - 0x00007ff9ee694000 	C:\WINDOWS\System32\fwpuclnt.dll
0x00007ff9efdc0000 - 0x00007ff9efdc9000 	C:\Users\sathy\Downloads\eclipse-committers-2025-09-R-win32-x86_64\eclipse\plugins\org.eclipse.justj.openjdk.hotspot.jre.full.win32.x86_64_21.0.8.v20250724-1412\jre\bin\extnet.dll
0x00007ff9f5050000 - 0x00007ff9f506b000 	C:\WINDOWS\SYSTEM32\CRYPTSP.dll
0x00007ff9f4780000 - 0x00007ff9f47b7000 	C:\WINDOWS\system32\rsaenh.dll
0x00007ff9f4ee0000 - 0x00007ff9f4f08000 	C:\WINDOWS\SYSTEM32\USERENV.dll
0x00007ff9f5040000 - 0x00007ff9f504c000 	C:\WINDOWS\SYSTEM32\CRYPTBASE.dll
0x00007ff9c8ad0000 - 0x00007ff9c8ade000 	C:\Users\sathy\Downloads\eclipse-committers-2025-09-R-win32-x86_64\eclipse\plugins\org.eclipse.justj.openjdk.hotspot.jre.full.win32.x86_64_21.0.8.v20250724-1412\jre\bin\sunmscapi.dll
0x00007ff9f5e80000 - 0x00007ff9f5fe8000 	C:\WINDOWS\System32\CRYPT32.dll
0x00007ff9f51e0000 - 0x00007ff9f520e000 	C:\WINDOWS\SYSTEM32\ncrypt.dll
0x00007ff9f51a0000 - 0x00007ff9f51d7000 	C:\WINDOWS\SYSTEM32\NTASN1.dll
0x00007ff9dc880000 - 0x00007ff9dc888000 	C:\WINDOWS\system32\wshunix.dll

JVMTI agents: none

dbghelp: loaded successfully - version: 4.0.5 - missing functions: none
symbol engine: initialized successfully - sym options: 0x614 - pdb path: .;C:\Users\sathy\Downloads\eclipse-committers-2025-09-R-win32-x86_64\eclipse\plugins\org.eclipse.justj.openjdk.hotspot.jre.full.win32.x86_64_21.0.8.v20250724-1412\jre\bin;C:\WINDOWS\SYSTEM32;C:\WINDOWS\WinSxS\amd64_microsoft.windows.common-controls_6595b64144ccf1df_6.0.22621.6060_none_2712eda17382d24b;C:\Program Files (x86)\360\Total Security\safemon;C:\Users\sathy\Downloads\eclipse-committers-2025-09-R-win32-x86_64\eclipse\plugins\org.eclipse.justj.openjdk.hotspot.jre.full.win32.x86_64_21.0.8.v20250724-1412\jre\bin\server

VM Arguments:
jvm_args: -ea -Dfile.encoding=UTF-8 -Dstdout.encoding=UTF-8 -Dstderr.encoding=UTF-8 -XX:+ShowCodeDetailsInExceptionMessages 
java_command: org.testng.remote.RemoteTestNG -serport 52264 -protocol json -d C:\Users\sathy\eclipse-workspace\myproject\test-output C:\Users\sathy\AppData\Local\Temp\testng-eclipse-2044034648\testng-customsuite.xml
java_class_path (initial): C:\Users\sathy\Downloads\eclipse-committers-2025-09-R-win32-x86_64\eclipse\configuration\org.eclipse.osgi\591\0\.cp\lib\testng-remote.jar;C:\Users\sathy\eclipse-workspace\myproject\target\test-classes;C:\Users\sathy\eclipse-workspace\myproject\target\classes;C:\Users\sathy\.m2\repository\org\seleniumhq\selenium\selenium-java\4.39.0\selenium-java-4.39.0.jar;C:\Users\sathy\.m2\repository\org\seleniumhq\selenium\selenium-api\4.39.0\selenium-api-4.39.0.jar;C:\Users\sathy\.m2\repository\org\jspecify\jspecify\1.0.0\jspecify-1.0.0.jar;C:\Users\sathy\.m2\repository\org\seleniumhq\selenium\selenium-chrome-driver\4.39.0\selenium-chrome-driver-4.39.0.jar;C:\Users\sathy\.m2\repository\com\google\auto\service\auto-service-annotations\1.1.1\auto-service-annotations-1.1.1.jar;C:\Users\sathy\.m2\repository\org\seleniumhq\selenium\selenium-chromium-driver\4.39.0\selenium-chromium-driver-4.39.0.jar;C:\Users\sathy\.m2\repository\org\seleniumhq\selenium\selenium-json\4.39.0\selenium-json-4.39.0.jar;C:\Users\sathy\.m2\repository\org\seleniumhq\selenium\selenium-manager\4.39.0\selenium-manager-4.39.0.jar;C:\Users\sathy\.m2\repository\org\seleniumhq\selenium\selenium-devtools-v141\4.39.0\selenium-devtools-v141-4.39.0.jar;C:\Users\sathy\.m2\repository\org\seleniumhq\selenium\selenium-devtools-v142\4.39.0\selenium-devtools-v142-4.39.0.jar;C:\Users\sathy\.m2\repository\org\seleniumhq\selenium\selenium-devtools-v143\4.39.0\selenium-devtools-v143-4.39.0.jar;C:\Users\sathy\.m2\repository\org\seleniumhq\selenium\selenium-edge-driver\4.39.0\selenium-edge-driver-4.39.0.jar;C:\Users\sathy\.m2\repository\org\seleniumhq\selenium\selenium-firefox-driver\4.39.0\selenium-firefox-driver-4.39.0.jar;C:\Users\sathy\.m2\repository\org\seleniumhq\selenium\selenium-http\4.39.0\selenium-http-4.39.0.jar;C:\Users\sathy\.m2\repository\org\seleniumhq\selenium\selenium-ie-driver\4.39.0\selenium-ie-driver-4.39.0.jar;C:\Users\sathy\.m2\repository\org\seleniumhq\selenium\selenium-remote-driver\4.39.0\selenium-remote-driver-4.39.0.jar;C:\Users\sathy\.m2\repository\com\google\guava\guava\33.5.0-jre\guava-33.5.0-jre.jar;C:\Users\sathy\.m2\repository\com\google\guava\failureaccess\1.0.3\failureaccess-1.0.3.jar;C:\Users\sathy\.m2\repository\com\google\guava\listenablefuture\9999.0-empty-to-avoid-conflict-with-guava\listenablefuture-9999.0-empty-to-avoid-conflict-with-guava.jar;C:\Users\sathy\.m2\repository\com\google\errorprone\error_prone_annotations\2.41.0\error_prone_annotations-2.41.0.jar;C:\Users\sathy\.m2\repository\com\google\j2objc\j2objc-annotations\3.1\j2objc-annotations-3.1.jar;C:\Users\sathy\.m2\repository\io\opentelemetry\opentelemetry-api\1.56.0\opentelemetry-api-1.56.0.jar;C:\Users\sathy\.m2\repository\io\opentelemetry\opentelemetry-context\1.56.0\opentelemetry-context-1.56.0.jar;C:\Users\sathy\.m2\repository\io\opentelemetry\opentelemetry-common\1.56.0\opentelemetry-common-1.56.0.jar;C:\Users\sathy\.m2\repository\io\opentelemetry\opentelemetry-exporter-logging\1.56.0\opentelemetry-exporter-logging-1.56.0.jar;C:\Users\sathy\.m2\repository\io\opentelemetry\opentelemetry-sdk-common\1.56.0\opentelemetry-sdk-common-1.56.0.jar;C:\Users\sathy\.m2\repository\io\opentelemetry\opentelemetry-sdk-extension-autoconfigure-spi\1.56.0\opentelemetry-sdk-extension-autoconfigure-spi-1.56.0.jar;C:\Users\sathy\.m2\repository\io\opentelemetry\opentelemetry-sdk-extension-autoconfigure\1.56.0\opentelemetry-sdk-extension-autoconfigure-1.56.0.jar;C:\Users\sathy\.m2\repository\io\opentelemetry\opentelemetry-sdk-trace\1.56.0\opentelemetry-sdk-trace-1.56.0.jar;C:\Users\sathy\.m2\repository\io\opentelemetry\opentelemetry-sdk\1.56.0\opentelemetry-sdk-1.56.0.jar;C:\Users\sathy\.m2\repository\io\opentelemetry\opentelemetry-sdk-metrics\1.56.0\opentelemetry-sdk-metrics-1.56.0.jar;C:\Users\sathy\.m2\repository\io\opentelemetry\opentelemetry-sdk-logs\1.56.0\opentelemetry-sdk-logs-1.56.0.jar;C:\Users\sathy\.m2\repository\net\bytebuddy\byte-buddy\1.18.2\byte-buddy-1.18.2.jar;C:\Users\sathy\.m2\repository\org\seleniumhq\selenium\selenium-os\4.39.0\selenium-os-4.39.0.jar;C:\Users\sathy\.m2\repository\org\apache\commons\commons-exec\1.6.0\commons-exec-1.6.0.jar;C:\Users\sathy\.m2\repository\org\seleniumhq\selenium\selenium-safari-driver\4.39.0\selenium-safari-driver-4.39.0.jar;C:\Users\sathy\.m2\repository\org\seleniumhq\selenium\selenium-support\4.39.0\selenium-support-4.39.0.jar;C:\Users\sathy\.m2\repository\org\testng\testng\7.11.0\testng-7.11.0.jar;C:\Users\sathy\.m2\repository\org\slf4j\slf4j-api\2.0.16\slf4j-api-2.0.16.jar;C:\Users\sathy\.m2\repository\org\jcommander\jcommander\1.83\jcommander-1.83.jar;C:\Users\sathy\.m2\repository\org\webjars\jquery\3.7.1\jquery-3.7.1.jar;C:\Users\sathy\.m2\repository\org\apache\poi\poi\5.5.1\poi-5.5.1.jar;C:\Users\sathy\.m2\repository\commons-codec\commons-codec\1.20.0\commons-codec-1.20.0.jar;C:\Users\sathy\.m2\repository\org\apache\commons\commons-collections4\4.5.0\commons-collections4-4.5.0.jar;C:\Users\sathy\.m2\repository\org\apache\commons\commons-math3\3.6.1\commons-math3-3.6.1.jar;C:\Users\sathy\.m2\repository\commons-io\commons-io\2.21.0\commons-io-2.21.0.jar;C:\Users\sathy\.m2\repository\com\zaxxer\SparseBitSet\1.3\SparseBitSet-1.3.jar;C:\Users\sathy\.m2\repository\org\apache\logging\log4j\log4j-api\2.24.3\log4j-api-2.24.3.jar;C:\Users\sathy\.m2\repository\org\apache\poi\poi-ooxml\5.5.1\poi-ooxml-5.5.1.jar;C:\Users\sathy\.m2\repository\org\apache\poi\poi-ooxml-lite\5.5.1\poi-ooxml-lite-5.5.1.jar;C:\Users\sathy\.m2\repository\org\apache\xmlbeans\xmlbeans\5.3.0\xmlbeans-5.3.0.jar;C:\Users\sathy\.m2\repository\org\apache\commons\commons-compress\1.28.0\commons-compress-1.28.0.jar;C:\Users\sathy\.m2\repository\org\apache\commons\commons-lang3\3.18.0\commons-lang3-3.18.0.jar;C:\Users\sathy\.m2\repository\com\github\virtuald\curvesapi\1.08\curvesapi-1.08.jar
Launcher Type: SUN_STANDARD

[Global flags]
     intx CICompilerCount                          = 4                                         {product} {ergonomic}
     uint ConcGCThreads                            = 2                                         {product} {ergonomic}
     uint G1ConcRefinementThreads                  = 8                                         {product} {ergonomic}
   size_t G1HeapRegionSize                         = 1048576                                   {product} {ergonomic}
    uintx GCDrainStackTargetSize                   = 64                                        {product} {ergonomic}
   size_t InitialHeapSize                          = 132120576                                 {product} {ergonomic}
   size_t MarkStackSize                            = 4194304                                   {product} {ergonomic}
   size_t MaxHeapSize                              = 2105540608                                {product} {ergonomic}
   size_t MaxNewSize                               = 1262485504                                {product} {ergonomic}
   size_t MinHeapDeltaBytes                        = 1048576                                   {product} {ergonomic}
   size_t MinHeapSize                              = 8388608                                   {product} {ergonomic}
    uintx NonNMethodCodeHeapSize                   = 5839372                                {pd product} {ergonomic}
    uintx NonProfiledCodeHeapSize                  = 122909434                              {pd product} {ergonomic}
    uintx ProfiledCodeHeapSize                     = 122909434                              {pd product} {ergonomic}
    uintx ReservedCodeCacheSize                    = 251658240                              {pd product} {ergonomic}
     bool SegmentedCodeCache                       = true                                      {product} {ergonomic}
     bool ShowCodeDetailsInExceptionMessages       = true                                   {manageable} {command line}
   size_t SoftMaxHeapSize                          = 2105540608                             {manageable} {ergonomic}
     bool UseCompressedOops                        = true                           {product lp64_product} {ergonomic}
     bool UseG1GC                                  = true                                      {product} {ergonomic}
     bool UseLargePagesIndividualAllocation        = false                                  {pd product} {ergonomic}

Logging:
Log output configuration:
 #0: stdout all=warning uptime,level,tags foldmultilines=false
 #1: stderr all=off uptime,level,tags foldmultilines=false

Environment Variables:
PATH=C:/Users/sathy/Downloads/eclipse-committers-2025-09-R-win32-x86_64/eclipse//plugins/org.eclipse.justj.openjdk.hotspot.jre.full.win32.x86_64_21.0.8.v20250724-1412/jre/bin/server;C:/Users/sathy/Downloads/eclipse-committers-2025-09-R-win32-x86_64/eclipse//plugins/org.eclipse.justj.openjdk.hotspot.jre.full.win32.x86_64_21.0.8.v20250724-1412/jre/bin;C:\Program Files\Eclipse Adoptium\jdk-25.0.0.36-hotspot\bin;C:\Program Files\Common Files\Oracle\Java\javapath;C:\Windows\system32;C:\Windows;C:\Windows\System32\Wbem;C:\Windows\System32\WindowsPowerShell\v1.0\;C:\Windows\System32\OpenSSH\;C:\Program Files\NVIDIA Corporation\NVIDIA NvDLISR;C:\WINDOWS\system32;C:\WINDOWS;C:\WINDOWS\System32\Wbem;C:\WINDOWS\System32\WindowsPowerShell\v1.0\;C:\WINDOWS\System32\OpenSSH\;C:\Program Files (x86)\NVIDIA Corporation\PhysX\Common;C:\Program Files\dotnet\;C:\Program Files (x86)\Microsoft SQL Server\160\Tools\Binn\;C:\Program Files\Microsoft SQL Server\160\Tools\Binn\;C:\Program Files\Microsoft SQL Server\Client SDK\ODBC\170\Tools\Binn\;C:\Program Files\Microsoft SQL Server\160\DTS\Binn\;C:\Program Files (x86)\Microsoft SQL Server\160\DTS\Binn\;C:\Program Files\MySQL\MySQL Server 8.0\bin;C:\Program Files\Git\cmd;C:\Program Files\MySQL\MySQL Shell 8.0\bin\;C:\Users\sathy\AppData\Local\Programs\Python\Launcher\;C:\Users\sathy\AppData\Local\Programs\Python\Python312\Scripts\;C:\Users\sathy\AppData\Local\Programs\Python\Python312\;C:\Users\sathy\AppData\Local\Microsoft\WindowsApps;C:\flutter\bin;C:\Users\sathy\AppData\Local\Programs\Microsoft VS Code\bin;C:\Users\sathy\Downloads\eclipse-committers-2025-09-R-win32-x86_64\eclipse;
USERNAME=Sathyajith S
OS=Windows_NT
PROCESSOR_IDENTIFIER=Intel64 Family 6 Model 158 Stepping 10, GenuineIntel
TMP=C:\Users\sathy\AppData\Local\Temp
TEMP=C:\Users\sathy\AppData\Local\Temp




Periodic native trim disabled

---------------  S Y S T E M  ---------------

OS:
 Windows 11 , 64 bit Build 22621 (10.0.22621.5415)
OS uptime: 1 days 23:01 hours

CPU: total 8 (initial active 8) (4 cores per cpu, 2 threads per core) family 6 model 158 stepping 10 microcode 0xde, cx8, cmov, fxsr, ht, mmx, 3dnowpref, sse, sse2, sse3, ssse3, sse4.1, sse4.2, popcnt, lzcnt, tsc, tscinvbit, avx, avx2, aes, erms, clmul, bmi1, bmi2, adx, fma, vzeroupper, clflush, clflushopt, rdtscp, f16c
Processor Information for the first 8 processors :
  Max Mhz: 2400, Current Mhz: 2400, Mhz Limit: 2400

Memory: 4k page, system-wide physical 8029M (311M free)
TotalPageFile size 20317M (AvailPageFile size 2M)
current process WorkingSet (physical memory assigned to process): 132M, peak: 132M
current process commit charge ("private bytes"): 252M, peak: 256M

vm_info: OpenJDK 64-Bit Server VM (21.0.8+9-LTS) for windows-amd64 JRE (21.0.8+9-LTS), built on 2025-07-15T00:00:00Z by "admin" with MS VC++ 17.7 (VS2022)

END.
