#
# There is insufficient memory for the Java Runtime Environment to continue.
# Native memory allocation (malloc) failed to allocate 56336 bytes. Error detail: Chunk::new
# Possible reasons:
#   The system is out of physical RAM or swap space
#   This process is running with CompressedOops enabled, and the Java Heap may be blocking the growth of the native heap
# Possible solutions:
#   Reduce memory load on the system
#   Increase physical memory or swap space
#   Check if swap backing store is full
#   Decrease Java heap size (-Xmx/-Xms)
#   Decrease number of Java threads
#   Decrease Java thread stack sizes (-Xss)
#   Set larger code cache with -XX:ReservedCodeCacheSize=
#   JVM is running with Unscaled Compressed Oops mode in which the Java heap is
#     placed in the first 4GB address space. The Java Heap base address is the
#     maximum limit for the native heap growth. Please use -XX:HeapBaseMinAddress
#     to set the Java Heap base and to place the Java Heap above 4GB virtual address.
# This output file may be truncated or incomplete.
#
#  Out of Memory Error (arena.cpp:168), pid=39440, tid=13712
#
# JRE version: OpenJDK Runtime Environment Temurin-21.0.8+9 (21.0.8+9) (build 21.0.8+9-LTS)
# Java VM: OpenJDK 64-Bit Server VM Temurin-21.0.8+9 (21.0.8+9-LTS, mixed mode, sharing, tiered, compressed oops, compressed class ptrs, g1 gc, windows-amd64)
# No core dump will be written. Minidumps are not enabled by default on client versions of Windows
#

---------------  S U M M A R Y ------------

Command Line: -ea -Dfile.encoding=UTF-8 -Dstdout.encoding=UTF-8 -Dstderr.encoding=UTF-8 -XX:+ShowCodeDetailsInExceptionMessages org.testng.remote.RemoteTestNG -serport 51480 -protocol json -d C:\Users\sathy\eclipse-workspace\myproject\test-output C:\Users\sathy\AppData\Local\Temp\testng-eclipse-1374217461\testng-customsuite.xml

Host: Intel(R) Core(TM) i5-9300H CPU @ 2.40GHz, 8 cores, 7G,  Windows 11 , 64 bit Build 22621 (10.0.22621.5415)
Time: Thu Jan 22 14:51:59 2026 India Standard Time elapsed time: 6.391841 seconds (0d 0h 0m 6s)

---------------  T H R E A D  ---------------

Current thread (0x000001fd7fe14e80):  JavaThread "C2 CompilerThread0" daemon [_thread_in_native, id=13712, stack(0x0000002921f00000,0x0000002922000000) (1024K)]


Current CompileTask:
C2:6391 2645       4       java.util.regex.Pattern$CharProperty::match (71 bytes)

Stack: [0x0000002921f00000,0x0000002922000000]
Native frames: (J=compiled Java code, j=interpreted, Vv=VM code, C=native code)
V  [jvm.dll+0x6d2449]
V  [jvm.dll+0x8ae341]
V  [jvm.dll+0x8b08be]
V  [jvm.dll+0x8b0fa3]
V  [jvm.dll+0x280c96]
V  [jvm.dll+0xc581d]
V  [jvm.dll+0xc5d53]
V  [jvm.dll+0x5da767]
V  [jvm.dll+0x1e0ea1]
V  [jvm.dll+0x249022]
V  [jvm.dll+0x2484af]
V  [jvm.dll+0x1c89ee]
V  [jvm.dll+0x257d4d]
V  [jvm.dll+0x2562ea]
V  [jvm.dll+0x3f2d16]
V  [jvm.dll+0x857e6b]
V  [jvm.dll+0x6d0b0d]
C  [ucrtbase.dll+0x29333]
C  [KERNEL32.DLL+0x1259d]
C  [ntdll.dll+0x5af78]


---------------  P R O C E S S  ---------------

Threads class SMR info:
_java_thread_list=0x000001fd57443e90, length=29, elements={
0x000001fd76c0e0d0, 0x000001fd7fe002c0, 0x000001fd7fe04090, 0x000001fd7fe05680,
0x000001fd7fe062d0, 0x000001fd7fe10e70, 0x000001fd7fe144f0, 0x000001fd7fe14e80,
0x000001fd7fe15520, 0x000001fd5610c090, 0x000001fd56111ed0, 0x000001fd57305700,
0x000001fd572074d0, 0x000001fd571e34b0, 0x000001fd573e0cd0, 0x000001fd573e1330,
0x000001fd573e1990, 0x000001fd5721acb0, 0x000001fd5743d380, 0x000001fd5743bfd0,
0x000001fd5743c660, 0x000001fd5743da10, 0x000001fd5743ac20, 0x000001fd5743ccf0,
0x000001fd5743a590, 0x000001fd5743b2b0, 0x000001fd5743b940, 0x000001fd576800f0,
0x000001fd56810ef0
}

Java Threads: ( => current thread )
  0x000001fd76c0e0d0 JavaThread "main"                              [_thread_blocked, id=34588, stack(0x0000002921100000,0x0000002921200000) (1024K)]
  0x000001fd7fe002c0 JavaThread "Reference Handler"          daemon [_thread_blocked, id=10208, stack(0x0000002921900000,0x0000002921a00000) (1024K)]
  0x000001fd7fe04090 JavaThread "Finalizer"                  daemon [_thread_blocked, id=23968, stack(0x0000002921a00000,0x0000002921b00000) (1024K)]
  0x000001fd7fe05680 JavaThread "Signal Dispatcher"          daemon [_thread_blocked, id=15252, stack(0x0000002921b00000,0x0000002921c00000) (1024K)]
  0x000001fd7fe062d0 JavaThread "Attach Listener"            daemon [_thread_blocked, id=33172, stack(0x0000002921c00000,0x0000002921d00000) (1024K)]
  0x000001fd7fe10e70 JavaThread "Service Thread"             daemon [_thread_blocked, id=26712, stack(0x0000002921d00000,0x0000002921e00000) (1024K)]
  0x000001fd7fe144f0 JavaThread "Monitor Deflation Thread"   daemon [_thread_blocked, id=28700, stack(0x0000002921e00000,0x0000002921f00000) (1024K)]
=>0x000001fd7fe14e80 JavaThread "C2 CompilerThread0"         daemon [_thread_in_native, id=13712, stack(0x0000002921f00000,0x0000002922000000) (1024K)]
  0x000001fd7fe15520 JavaThread "C1 CompilerThread0"         daemon [_thread_blocked, id=27944, stack(0x0000002922000000,0x0000002922100000) (1024K)]
  0x000001fd5610c090 JavaThread "Notification Thread"        daemon [_thread_blocked, id=27128, stack(0x0000002922100000,0x0000002922200000) (1024K)]
  0x000001fd56111ed0 JavaThread "Common-Cleaner"             daemon [_thread_blocked, id=32456, stack(0x0000002922200000,0x0000002922300000) (1024K)]
  0x000001fd57305700 JavaThread "ForkJoinPool.commonPool-worker-1" daemon [_thread_blocked, id=23428, stack(0x0000002922d00000,0x0000002922e00000) (1024K)]
  0x000001fd572074d0 JavaThread "HttpClient-1-SelectorManager" daemon [_thread_in_native, id=20876, stack(0x0000002922e00000,0x0000002922f00000) (1024K)]
  0x000001fd571e34b0 JavaThread "External Process Output Forwarder - C:\Users\sathy\.cache\selenium\chromedriver\win64\144.0.7559.96\chromedriver.exe" daemon [_thread_in_native, id=24512, stack(0x0000002922f00000,0x0000002923000000) (1024K)]
  0x000001fd573e0cd0 JavaThread "Driver Service Executor"    daemon [_thread_blocked, id=36224, stack(0x0000002923000000,0x0000002923100000) (1024K)]
  0x000001fd573e1330 JavaThread "Driver Service Executor"    daemon [_thread_in_native, id=21864, stack(0x0000002923100000,0x0000002923200000) (1024K)]
  0x000001fd573e1990 JavaThread "UrlChecker-2"               daemon [_thread_blocked, id=9872, stack(0x0000002923200000,0x0000002923300000) (1024K)]
  0x000001fd5721acb0 JavaThread "Keep-Alive-Timer"           daemon [_thread_blocked, id=34028, stack(0x0000002923300000,0x0000002923400000) (1024K)]
  0x000001fd5743d380 JavaThread "JdkHttpClient-0-0"          daemon [_thread_blocked, id=27132, stack(0x0000002923400000,0x0000002923500000) (1024K)]
  0x000001fd5743bfd0 JavaThread "CompletableFutureDelayScheduler" daemon [_thread_blocked, id=31408, stack(0x0000002923500000,0x0000002923600000) (1024K)]
  0x000001fd5743c660 JavaThread "JdkHttpClient-0-1"          daemon [_thread_blocked, id=16284, stack(0x0000002923600000,0x0000002923700000) (1024K)]
  0x000001fd5743da10 JavaThread "JdkHttpClient-0-2"          daemon [_thread_blocked, id=22776, stack(0x0000002923700000,0x0000002923800000) (1024K)]
  0x000001fd5743ac20 JavaThread "JdkHttpClient-0-3"          daemon [_thread_blocked, id=15844, stack(0x0000002923800000,0x0000002923900000) (1024K)]
  0x000001fd5743ccf0 JavaThread "HttpClient-2-SelectorManager" daemon [_thread_in_native, id=36152, stack(0x0000002922300000,0x0000002922400000) (1024K)]
  0x000001fd5743a590 JavaThread "JdkHttpClient-1-0"          daemon [_thread_blocked, id=17832, stack(0x0000002923900000,0x0000002923a00000) (1024K)]
  0x000001fd5743b2b0 JavaThread "JdkHttpClient-1-1"          daemon [_thread_blocked, id=36056, stack(0x0000002923a00000,0x0000002923b00000) (1024K)]
  0x000001fd5743b940 JavaThread "JdkHttpClient-1-2"          daemon [_thread_blocked, id=39412, stack(0x0000002923b00000,0x0000002923c00000) (1024K)]
  0x000001fd576800f0 JavaThread "JdkHttpClient-1-3"          daemon [_thread_blocked, id=34656, stack(0x0000002923c00000,0x0000002923d00000) (1024K)]
  0x000001fd56810ef0 JavaThread "C2 CompilerThread1"         daemon [_thread_blocked, id=37516, stack(0x0000002923d00000,0x0000002923e00000) (1024K)]
Total: 29

Other Threads:
  0x000001fd7fde7650 VMThread "VM Thread"                           [id=36852, stack(0x0000002921800000,0x0000002921900000) (1024K)]
  0x000001fd7fdd2290 WatcherThread "VM Periodic Task Thread"        [id=15872, stack(0x0000002921700000,0x0000002921800000) (1024K)]
  0x000001fd79012d30 WorkerThread "GC Thread#0"                     [id=37940, stack(0x0000002921200000,0x0000002921300000) (1024K)]
  0x000001fd56f5b810 WorkerThread "GC Thread#1"                     [id=29936, stack(0x0000002922600000,0x0000002922700000) (1024K)]
  0x000001fd56f5bbb0 WorkerThread "GC Thread#2"                     [id=27868, stack(0x0000002922700000,0x0000002922800000) (1024K)]
  0x000001fd5719d260 WorkerThread "GC Thread#3"                     [id=38528, stack(0x0000002922800000,0x0000002922900000) (1024K)]
  0x000001fd572dde80 WorkerThread "GC Thread#4"                     [id=22784, stack(0x0000002922900000,0x0000002922a00000) (1024K)]
  0x000001fd57307600 WorkerThread "GC Thread#5"                     [id=29588, stack(0x0000002922a00000,0x0000002922b00000) (1024K)]
  0x000001fd573079a0 WorkerThread "GC Thread#6"                     [id=36812, stack(0x0000002922b00000,0x0000002922c00000) (1024K)]
  0x000001fd57308b60 WorkerThread "GC Thread#7"                     [id=13900, stack(0x0000002922c00000,0x0000002922d00000) (1024K)]
  0x000001fd79025080 ConcurrentGCThread "G1 Main Marker"            [id=37452, stack(0x0000002921300000,0x0000002921400000) (1024K)]
  0x000001fd79025a90 WorkerThread "G1 Conc#0"                       [id=28492, stack(0x0000002921400000,0x0000002921500000) (1024K)]
  0x000001fd7fca49a0 ConcurrentGCThread "G1 Refine#0"               [id=24124, stack(0x0000002921500000,0x0000002921600000) (1024K)]
  0x000001fd7fca5420 ConcurrentGCThread "G1 Service"                [id=8688, stack(0x0000002921600000,0x0000002921700000) (1024K)]
Total: 14

Threads with active compile tasks:
C2 CompilerThread0  6445 2645       4       java.util.regex.Pattern$CharProperty::match (71 bytes)
Total: 1

VM state: not at safepoint (normal execution)

VM Mutex/Monitor currently owned by a thread: None

Heap address: 0x0000000082800000, size: 2008 MB, Compressed Oops mode: 32-bit

CDS archive(s) mapped at: [0x000001fd11000000-0x000001fd11c80000-0x000001fd11c80000), size 13107200, SharedBaseAddress: 0x000001fd11000000, ArchiveRelocationMode: 1.
Compressed class space mapped at: 0x000001fd12000000-0x000001fd52000000, reserved size: 1073741824
Narrow klass base: 0x000001fd11000000, Narrow klass shift: 0, Narrow klass range: 0x100000000

GC Precious Log:
 CardTable entry size: 512
 Card Set container configuration: InlinePtr #cards 5 size 8 Array Of Cards #cards 12 size 40 Howl #buckets 4 coarsen threshold 1843 Howl Bitmap #cards 512 size 80 coarsen threshold 460 Card regions per heap region 1 cards per card region 2048
 CPUs: 8 total, 8 available
 Memory: 8029M
 Large Page Support: Disabled
 NUMA Support: Disabled
 Compressed Oops: Enabled (32-bit)
 Heap Region Size: 1M
 Heap Min Capacity: 8M
 Heap Initial Capacity: 126M
 Heap Max Capacity: 2008M
 Pre-touch: Disabled
 Parallel Workers: 8
 Concurrent Workers: 2
 Concurrent Refinement Workers: 8
 Periodic GC: Disabled

Heap:
 garbage-first heap   total 129024K, used 21829K [0x0000000082800000, 0x0000000100000000)
  region size 1024K, 16 young (16384K), 4 survivors (4096K)
 Metaspace       used 19451K, committed 19904K, reserved 1114112K
  class space    used 2409K, committed 2560K, reserved 1048576K

Heap Regions: E=young(eden), S=young(survivor), O=old, HS=humongous(starts), HC=humongous(continues), CS=collection set, F=free, TAMS=top-at-mark-start, PB=parsable bottom
|   0|0x0000000082800000, 0x0000000082900000, 0x0000000082900000|100%|HS|  |TAMS 0x0000000082800000| PB 0x0000000082800000| Complete 
|   1|0x0000000082900000, 0x0000000082a00000, 0x0000000082a00000|100%| O|  |TAMS 0x0000000082900000| PB 0x0000000082900000| Untracked 
|   2|0x0000000082a00000, 0x0000000082b00000, 0x0000000082b00000|100%| O|  |TAMS 0x0000000082a00000| PB 0x0000000082a00000| Untracked 
|   3|0x0000000082b00000, 0x0000000082c00000, 0x0000000082c00000|100%| O|  |TAMS 0x0000000082b00000| PB 0x0000000082b00000| Untracked 
|   4|0x0000000082c00000, 0x0000000082d00000, 0x0000000082d00000|100%| O|  |TAMS 0x0000000082c00000| PB 0x0000000082c00000| Untracked 
|   5|0x0000000082d00000, 0x0000000082e00000, 0x0000000082e00000|100%| O|  |TAMS 0x0000000082d00000| PB 0x0000000082d00000| Untracked 
|   6|0x0000000082e00000, 0x0000000082f00000, 0x0000000082f00000|100%| O|  |TAMS 0x0000000082e00000| PB 0x0000000082e00000| Untracked 
|   7|0x0000000082f00000, 0x0000000082f00000, 0x0000000083000000|  0%| F|  |TAMS 0x0000000082f00000| PB 0x0000000082f00000| Untracked 
|   8|0x0000000083000000, 0x0000000083000000, 0x0000000083100000|  0%| F|  |TAMS 0x0000000083000000| PB 0x0000000083000000| Untracked 
|   9|0x0000000083100000, 0x0000000083100000, 0x0000000083200000|  0%| F|  |TAMS 0x0000000083100000| PB 0x0000000083100000| Untracked 
|  10|0x0000000083200000, 0x0000000083200000, 0x0000000083300000|  0%| F|  |TAMS 0x0000000083200000| PB 0x0000000083200000| Untracked 
|  11|0x0000000083300000, 0x0000000083300000, 0x0000000083400000|  0%| F|  |TAMS 0x0000000083300000| PB 0x0000000083300000| Untracked 
|  12|0x0000000083400000, 0x0000000083400000, 0x0000000083500000|  0%| F|  |TAMS 0x0000000083400000| PB 0x0000000083400000| Untracked 
|  13|0x0000000083500000, 0x0000000083500000, 0x0000000083600000|  0%| F|  |TAMS 0x0000000083500000| PB 0x0000000083500000| Untracked 
|  14|0x0000000083600000, 0x0000000083600000, 0x0000000083700000|  0%| F|  |TAMS 0x0000000083600000| PB 0x0000000083600000| Untracked 
|  15|0x0000000083700000, 0x0000000083700000, 0x0000000083800000|  0%| F|  |TAMS 0x0000000083700000| PB 0x0000000083700000| Untracked 
|  16|0x0000000083800000, 0x0000000083800000, 0x0000000083900000|  0%| F|  |TAMS 0x0000000083800000| PB 0x0000000083800000| Untracked 
|  17|0x0000000083900000, 0x0000000083900000, 0x0000000083a00000|  0%| F|  |TAMS 0x0000000083900000| PB 0x0000000083900000| Untracked 
|  18|0x0000000083a00000, 0x0000000083a00000, 0x0000000083b00000|  0%| F|  |TAMS 0x0000000083a00000| PB 0x0000000083a00000| Untracked 
|  19|0x0000000083b00000, 0x0000000083b00000, 0x0000000083c00000|  0%| F|  |TAMS 0x0000000083b00000| PB 0x0000000083b00000| Untracked 
|  20|0x0000000083c00000, 0x0000000083c00000, 0x0000000083d00000|  0%| F|  |TAMS 0x0000000083c00000| PB 0x0000000083c00000| Untracked 
|  21|0x0000000083d00000, 0x0000000083d00000, 0x0000000083e00000|  0%| F|  |TAMS 0x0000000083d00000| PB 0x0000000083d00000| Untracked 
|  22|0x0000000083e00000, 0x0000000083e00000, 0x0000000083f00000|  0%| F|  |TAMS 0x0000000083e00000| PB 0x0000000083e00000| Untracked 
|  23|0x0000000083f00000, 0x0000000083f00000, 0x0000000084000000|  0%| F|  |TAMS 0x0000000083f00000| PB 0x0000000083f00000| Untracked 
|  24|0x0000000084000000, 0x0000000084000000, 0x0000000084100000|  0%| F|  |TAMS 0x0000000084000000| PB 0x0000000084000000| Untracked 
|  25|0x0000000084100000, 0x0000000084100000, 0x0000000084200000|  0%| F|  |TAMS 0x0000000084100000| PB 0x0000000084100000| Untracked 
|  26|0x0000000084200000, 0x0000000084200000, 0x0000000084300000|  0%| F|  |TAMS 0x0000000084200000| PB 0x0000000084200000| Untracked 
|  27|0x0000000084300000, 0x0000000084300000, 0x0000000084400000|  0%| F|  |TAMS 0x0000000084300000| PB 0x0000000084300000| Untracked 
|  28|0x0000000084400000, 0x0000000084400000, 0x0000000084500000|  0%| F|  |TAMS 0x0000000084400000| PB 0x0000000084400000| Untracked 
|  29|0x0000000084500000, 0x0000000084500000, 0x0000000084600000|  0%| F|  |TAMS 0x0000000084500000| PB 0x0000000084500000| Untracked 
|  30|0x0000000084600000, 0x0000000084600000, 0x0000000084700000|  0%| F|  |TAMS 0x0000000084600000| PB 0x0000000084600000| Untracked 
|  31|0x0000000084700000, 0x0000000084700000, 0x0000000084800000|  0%| F|  |TAMS 0x0000000084700000| PB 0x0000000084700000| Untracked 
|  32|0x0000000084800000, 0x0000000084800000, 0x0000000084900000|  0%| F|  |TAMS 0x0000000084800000| PB 0x0000000084800000| Untracked 
|  33|0x0000000084900000, 0x0000000084900000, 0x0000000084a00000|  0%| F|  |TAMS 0x0000000084900000| PB 0x0000000084900000| Untracked 
|  34|0x0000000084a00000, 0x0000000084a00000, 0x0000000084b00000|  0%| F|  |TAMS 0x0000000084a00000| PB 0x0000000084a00000| Untracked 
|  35|0x0000000084b00000, 0x0000000084b00000, 0x0000000084c00000|  0%| F|  |TAMS 0x0000000084b00000| PB 0x0000000084b00000| Untracked 
|  36|0x0000000084c00000, 0x0000000084c00000, 0x0000000084d00000|  0%| F|  |TAMS 0x0000000084c00000| PB 0x0000000084c00000| Untracked 
|  37|0x0000000084d00000, 0x0000000084d00000, 0x0000000084e00000|  0%| F|  |TAMS 0x0000000084d00000| PB 0x0000000084d00000| Untracked 
|  38|0x0000000084e00000, 0x0000000084e00000, 0x0000000084f00000|  0%| F|  |TAMS 0x0000000084e00000| PB 0x0000000084e00000| Untracked 
|  39|0x0000000084f00000, 0x0000000084f00000, 0x0000000085000000|  0%| F|  |TAMS 0x0000000084f00000| PB 0x0000000084f00000| Untracked 
|  40|0x0000000085000000, 0x0000000085000000, 0x0000000085100000|  0%| F|  |TAMS 0x0000000085000000| PB 0x0000000085000000| Untracked 
|  41|0x0000000085100000, 0x0000000085100000, 0x0000000085200000|  0%| F|  |TAMS 0x0000000085100000| PB 0x0000000085100000| Untracked 
|  42|0x0000000085200000, 0x0000000085200000, 0x0000000085300000|  0%| F|  |TAMS 0x0000000085200000| PB 0x0000000085200000| Untracked 
|  43|0x0000000085300000, 0x0000000085300000, 0x0000000085400000|  0%| F|  |TAMS 0x0000000085300000| PB 0x0000000085300000| Untracked 
|  44|0x0000000085400000, 0x0000000085400000, 0x0000000085500000|  0%| F|  |TAMS 0x0000000085400000| PB 0x0000000085400000| Untracked 
|  45|0x0000000085500000, 0x0000000085500000, 0x0000000085600000|  0%| F|  |TAMS 0x0000000085500000| PB 0x0000000085500000| Untracked 
|  46|0x0000000085600000, 0x0000000085600000, 0x0000000085700000|  0%| F|  |TAMS 0x0000000085600000| PB 0x0000000085600000| Untracked 
|  47|0x0000000085700000, 0x0000000085700000, 0x0000000085800000|  0%| F|  |TAMS 0x0000000085700000| PB 0x0000000085700000| Untracked 
|  48|0x0000000085800000, 0x0000000085800000, 0x0000000085900000|  0%| F|  |TAMS 0x0000000085800000| PB 0x0000000085800000| Untracked 
|  49|0x0000000085900000, 0x0000000085900000, 0x0000000085a00000|  0%| F|  |TAMS 0x0000000085900000| PB 0x0000000085900000| Untracked 
|  50|0x0000000085a00000, 0x0000000085a00000, 0x0000000085b00000|  0%| F|  |TAMS 0x0000000085a00000| PB 0x0000000085a00000| Untracked 
|  51|0x0000000085b00000, 0x0000000085b00000, 0x0000000085c00000|  0%| F|  |TAMS 0x0000000085b00000| PB 0x0000000085b00000| Untracked 
|  52|0x0000000085c00000, 0x0000000085c00000, 0x0000000085d00000|  0%| F|  |TAMS 0x0000000085c00000| PB 0x0000000085c00000| Untracked 
|  53|0x0000000085d00000, 0x0000000085d00000, 0x0000000085e00000|  0%| F|  |TAMS 0x0000000085d00000| PB 0x0000000085d00000| Untracked 
|  54|0x0000000085e00000, 0x0000000085e00000, 0x0000000085f00000|  0%| F|  |TAMS 0x0000000085e00000| PB 0x0000000085e00000| Untracked 
|  55|0x0000000085f00000, 0x0000000085f00000, 0x0000000086000000|  0%| F|  |TAMS 0x0000000085f00000| PB 0x0000000085f00000| Untracked 
|  56|0x0000000086000000, 0x0000000086000000, 0x0000000086100000|  0%| F|  |TAMS 0x0000000086000000| PB 0x0000000086000000| Untracked 
|  57|0x0000000086100000, 0x0000000086100000, 0x0000000086200000|  0%| F|  |TAMS 0x0000000086100000| PB 0x0000000086100000| Untracked 
|  58|0x0000000086200000, 0x0000000086200000, 0x0000000086300000|  0%| F|  |TAMS 0x0000000086200000| PB 0x0000000086200000| Untracked 
|  59|0x0000000086300000, 0x0000000086300000, 0x0000000086400000|  0%| F|  |TAMS 0x0000000086300000| PB 0x0000000086300000| Untracked 
|  60|0x0000000086400000, 0x0000000086400000, 0x0000000086500000|  0%| F|  |TAMS 0x0000000086400000| PB 0x0000000086400000| Untracked 
|  61|0x0000000086500000, 0x0000000086500000, 0x0000000086600000|  0%| F|  |TAMS 0x0000000086500000| PB 0x0000000086500000| Untracked 
|  62|0x0000000086600000, 0x0000000086600000, 0x0000000086700000|  0%| F|  |TAMS 0x0000000086600000| PB 0x0000000086600000| Untracked 
|  63|0x0000000086700000, 0x0000000086700000, 0x0000000086800000|  0%| F|  |TAMS 0x0000000086700000| PB 0x0000000086700000| Untracked 
|  64|0x0000000086800000, 0x0000000086800000, 0x0000000086900000|  0%| F|  |TAMS 0x0000000086800000| PB 0x0000000086800000| Untracked 
|  65|0x0000000086900000, 0x0000000086900000, 0x0000000086a00000|  0%| F|  |TAMS 0x0000000086900000| PB 0x0000000086900000| Untracked 
|  66|0x0000000086a00000, 0x0000000086a00000, 0x0000000086b00000|  0%| F|  |TAMS 0x0000000086a00000| PB 0x0000000086a00000| Untracked 
|  67|0x0000000086b00000, 0x0000000086b00000, 0x0000000086c00000|  0%| F|  |TAMS 0x0000000086b00000| PB 0x0000000086b00000| Untracked 
|  68|0x0000000086c00000, 0x0000000086c00000, 0x0000000086d00000|  0%| F|  |TAMS 0x0000000086c00000| PB 0x0000000086c00000| Untracked 
|  69|0x0000000086d00000, 0x0000000086d00000, 0x0000000086e00000|  0%| F|  |TAMS 0x0000000086d00000| PB 0x0000000086d00000| Untracked 
|  70|0x0000000086e00000, 0x0000000086e00000, 0x0000000086f00000|  0%| F|  |TAMS 0x0000000086e00000| PB 0x0000000086e00000| Untracked 
|  71|0x0000000086f00000, 0x0000000086f00000, 0x0000000087000000|  0%| F|  |TAMS 0x0000000086f00000| PB 0x0000000086f00000| Untracked 
|  72|0x0000000087000000, 0x0000000087000000, 0x0000000087100000|  0%| F|  |TAMS 0x0000000087000000| PB 0x0000000087000000| Untracked 
|  73|0x0000000087100000, 0x0000000087100000, 0x0000000087200000|  0%| F|  |TAMS 0x0000000087100000| PB 0x0000000087100000| Untracked 
|  74|0x0000000087200000, 0x0000000087200000, 0x0000000087300000|  0%| F|  |TAMS 0x0000000087200000| PB 0x0000000087200000| Untracked 
|  75|0x0000000087300000, 0x0000000087300000, 0x0000000087400000|  0%| F|  |TAMS 0x0000000087300000| PB 0x0000000087300000| Untracked 
|  76|0x0000000087400000, 0x0000000087400000, 0x0000000087500000|  0%| F|  |TAMS 0x0000000087400000| PB 0x0000000087400000| Untracked 
|  77|0x0000000087500000, 0x0000000087500000, 0x0000000087600000|  0%| F|  |TAMS 0x0000000087500000| PB 0x0000000087500000| Untracked 
|  78|0x0000000087600000, 0x0000000087600000, 0x0000000087700000|  0%| F|  |TAMS 0x0000000087600000| PB 0x0000000087600000| Untracked 
|  79|0x0000000087700000, 0x0000000087700000, 0x0000000087800000|  0%| F|  |TAMS 0x0000000087700000| PB 0x0000000087700000| Untracked 
|  80|0x0000000087800000, 0x0000000087800000, 0x0000000087900000|  0%| F|  |TAMS 0x0000000087800000| PB 0x0000000087800000| Untracked 
|  81|0x0000000087900000, 0x0000000087900000, 0x0000000087a00000|  0%| F|  |TAMS 0x0000000087900000| PB 0x0000000087900000| Untracked 
|  82|0x0000000087a00000, 0x0000000087a00000, 0x0000000087b00000|  0%| F|  |TAMS 0x0000000087a00000| PB 0x0000000087a00000| Untracked 
|  83|0x0000000087b00000, 0x0000000087b00000, 0x0000000087c00000|  0%| F|  |TAMS 0x0000000087b00000| PB 0x0000000087b00000| Untracked 
|  84|0x0000000087c00000, 0x0000000087c00000, 0x0000000087d00000|  0%| F|  |TAMS 0x0000000087c00000| PB 0x0000000087c00000| Untracked 
|  85|0x0000000087d00000, 0x0000000087d00000, 0x0000000087e00000|  0%| F|  |TAMS 0x0000000087d00000| PB 0x0000000087d00000| Untracked 
|  86|0x0000000087e00000, 0x0000000087e00000, 0x0000000087f00000|  0%| F|  |TAMS 0x0000000087e00000| PB 0x0000000087e00000| Untracked 
|  87|0x0000000087f00000, 0x0000000087f00000, 0x0000000088000000|  0%| F|  |TAMS 0x0000000087f00000| PB 0x0000000087f00000| Untracked 
|  88|0x0000000088000000, 0x0000000088000000, 0x0000000088100000|  0%| F|  |TAMS 0x0000000088000000| PB 0x0000000088000000| Untracked 
|  89|0x0000000088100000, 0x0000000088151770, 0x0000000088200000| 31%| S|CS|TAMS 0x0000000088100000| PB 0x0000000088100000| Complete 
|  90|0x0000000088200000, 0x0000000088300000, 0x0000000088300000|100%| S|CS|TAMS 0x0000000088200000| PB 0x0000000088200000| Complete 
|  91|0x0000000088300000, 0x0000000088400000, 0x0000000088400000|100%| S|CS|TAMS 0x0000000088300000| PB 0x0000000088300000| Complete 
|  92|0x0000000088400000, 0x0000000088500000, 0x0000000088500000|100%| S|CS|TAMS 0x0000000088400000| PB 0x0000000088400000| Complete 
|  93|0x0000000088500000, 0x0000000088500000, 0x0000000088600000|  0%| F|  |TAMS 0x0000000088500000| PB 0x0000000088500000| Untracked 
|  94|0x0000000088600000, 0x0000000088600000, 0x0000000088700000|  0%| F|  |TAMS 0x0000000088600000| PB 0x0000000088600000| Untracked 
|  95|0x0000000088700000, 0x0000000088700000, 0x0000000088800000|  0%| F|  |TAMS 0x0000000088700000| PB 0x0000000088700000| Untracked 
|  96|0x0000000088800000, 0x0000000088800000, 0x0000000088900000|  0%| F|  |TAMS 0x0000000088800000| PB 0x0000000088800000| Untracked 
|  97|0x0000000088900000, 0x0000000088900000, 0x0000000088a00000|  0%| F|  |TAMS 0x0000000088900000| PB 0x0000000088900000| Untracked 
|  98|0x0000000088a00000, 0x0000000088a00000, 0x0000000088b00000|  0%| F|  |TAMS 0x0000000088a00000| PB 0x0000000088a00000| Untracked 
|  99|0x0000000088b00000, 0x0000000088b00000, 0x0000000088c00000|  0%| F|  |TAMS 0x0000000088b00000| PB 0x0000000088b00000| Untracked 
| 100|0x0000000088c00000, 0x0000000088c00000, 0x0000000088d00000|  0%| F|  |TAMS 0x0000000088c00000| PB 0x0000000088c00000| Untracked 
| 101|0x0000000088d00000, 0x0000000088d00000, 0x0000000088e00000|  0%| F|  |TAMS 0x0000000088d00000| PB 0x0000000088d00000| Untracked 
| 102|0x0000000088e00000, 0x0000000088e00000, 0x0000000088f00000|  0%| F|  |TAMS 0x0000000088e00000| PB 0x0000000088e00000| Untracked 
| 103|0x0000000088f00000, 0x0000000088f00000, 0x0000000089000000|  0%| F|  |TAMS 0x0000000088f00000| PB 0x0000000088f00000| Untracked 
| 104|0x0000000089000000, 0x0000000089000000, 0x0000000089100000|  0%| F|  |TAMS 0x0000000089000000| PB 0x0000000089000000| Untracked 
| 105|0x0000000089100000, 0x0000000089100000, 0x0000000089200000|  0%| F|  |TAMS 0x0000000089100000| PB 0x0000000089100000| Untracked 
| 106|0x0000000089200000, 0x0000000089200000, 0x0000000089300000|  0%| F|  |TAMS 0x0000000089200000| PB 0x0000000089200000| Untracked 
| 107|0x0000000089300000, 0x0000000089300000, 0x0000000089400000|  0%| F|  |TAMS 0x0000000089300000| PB 0x0000000089300000| Untracked 
| 108|0x0000000089400000, 0x0000000089400000, 0x0000000089500000|  0%| F|  |TAMS 0x0000000089400000| PB 0x0000000089400000| Untracked 
| 109|0x0000000089500000, 0x0000000089500000, 0x0000000089600000|  0%| F|  |TAMS 0x0000000089500000| PB 0x0000000089500000| Untracked 
| 110|0x0000000089600000, 0x0000000089600000, 0x0000000089700000|  0%| F|  |TAMS 0x0000000089600000| PB 0x0000000089600000| Untracked 
| 111|0x0000000089700000, 0x0000000089700000, 0x0000000089800000|  0%| F|  |TAMS 0x0000000089700000| PB 0x0000000089700000| Untracked 
| 112|0x0000000089800000, 0x0000000089800000, 0x0000000089900000|  0%| F|  |TAMS 0x0000000089800000| PB 0x0000000089800000| Untracked 
| 113|0x0000000089900000, 0x0000000089900000, 0x0000000089a00000|  0%| F|  |TAMS 0x0000000089900000| PB 0x0000000089900000| Untracked 
| 114|0x0000000089a00000, 0x0000000089a3af88, 0x0000000089b00000| 23%| E|  |TAMS 0x0000000089a00000| PB 0x0000000089a00000| Complete 
| 115|0x0000000089b00000, 0x0000000089c00000, 0x0000000089c00000|100%| E|CS|TAMS 0x0000000089b00000| PB 0x0000000089b00000| Complete 
| 116|0x0000000089c00000, 0x0000000089d00000, 0x0000000089d00000|100%| E|CS|TAMS 0x0000000089c00000| PB 0x0000000089c00000| Complete 
| 117|0x0000000089d00000, 0x0000000089e00000, 0x0000000089e00000|100%| E|CS|TAMS 0x0000000089d00000| PB 0x0000000089d00000| Complete 
| 118|0x0000000089e00000, 0x0000000089f00000, 0x0000000089f00000|100%| E|CS|TAMS 0x0000000089e00000| PB 0x0000000089e00000| Complete 
| 119|0x0000000089f00000, 0x000000008a000000, 0x000000008a000000|100%| E|CS|TAMS 0x0000000089f00000| PB 0x0000000089f00000| Complete 
| 120|0x000000008a000000, 0x000000008a100000, 0x000000008a100000|100%| E|CS|TAMS 0x000000008a000000| PB 0x000000008a000000| Complete 
| 121|0x000000008a100000, 0x000000008a200000, 0x000000008a200000|100%| E|CS|TAMS 0x000000008a100000| PB 0x000000008a100000| Complete 
| 122|0x000000008a200000, 0x000000008a300000, 0x000000008a300000|100%| E|CS|TAMS 0x000000008a200000| PB 0x000000008a200000| Complete 
| 123|0x000000008a300000, 0x000000008a400000, 0x000000008a400000|100%| E|CS|TAMS 0x000000008a300000| PB 0x000000008a300000| Complete 
| 124|0x000000008a400000, 0x000000008a500000, 0x000000008a500000|100%| E|CS|TAMS 0x000000008a400000| PB 0x000000008a400000| Complete 
| 125|0x000000008a500000, 0x000000008a600000, 0x000000008a600000|100%| E|CS|TAMS 0x000000008a500000| PB 0x000000008a500000| Complete 

Card table byte_map: [0x000001fd7d070000,0x000001fd7d460000] _byte_map_base: 0x000001fd7cc5c000

Marking Bits: (CMBitMap*) 0x000001fd79013340
 Bits: [0x000001fd7d460000, 0x000001fd7f3c0000)

Polling page: 0x000001fd78770000

Metaspace:

Usage:
  Non-class:     16.64 MB used.
      Class:      2.35 MB used.
       Both:     19.00 MB used.

Virtual space:
  Non-class space:       64.00 MB reserved,      16.94 MB ( 26%) committed,  1 nodes.
      Class space:        1.00 GB reserved,       2.50 MB ( <1%) committed,  1 nodes.
             Both:        1.06 GB reserved,      19.44 MB (  2%) committed. 

Chunk freelists:
   Non-Class:  14.53 MB
       Class:  13.44 MB
        Both:  27.97 MB

MaxMetaspaceSize: unlimited
CompressedClassSpaceSize: 1.00 GB
Initial GC threshold: 21.00 MB
Current GC threshold: 21.00 MB
CDS: on
 - commit_granule_bytes: 65536.
 - commit_granule_words: 8192.
 - virtual_space_node_default_size: 8388608.
 - enlarge_chunks_in_place: 1.
 - use_allocation_guard: 0.


Internal statistics:

num_allocs_failed_limit: 0.
num_arena_births: 578.
num_arena_deaths: 0.
num_vsnodes_births: 2.
num_vsnodes_deaths: 0.
num_space_committed: 311.
num_space_uncommitted: 0.
num_chunks_returned_to_freelist: 0.
num_chunks_taken_from_freelist: 1163.
num_chunk_merges: 0.
num_chunk_splits: 681.
num_chunks_enlarged: 374.
num_inconsistent_stats: 0.

CodeHeap 'non-profiled nmethods': size=120000Kb used=1075Kb max_used=1075Kb free=118924Kb
 bounds [0x000001fd07ad0000, 0x000001fd07d40000, 0x000001fd0f000000]
CodeHeap 'profiled nmethods': size=120000Kb used=4991Kb max_used=4991Kb free=115008Kb
 bounds [0x000001fd00000000, 0x000001fd004e0000, 0x000001fd07530000]
CodeHeap 'non-nmethods': size=5760Kb used=1539Kb max_used=1578Kb free=4220Kb
 bounds [0x000001fd07530000, 0x000001fd077a0000, 0x000001fd07ad0000]
CodeCache: size=245760Kb, used=7605Kb, max_used=7644Kb, free=238152Kb
 total_blobs=3268, nmethods=2664, adapters=508, full_count=0
Compilation: enabled, stopped_count=0, restarted_count=0

Compilation events (20 events):
Event: 6.362 Thread 0x000001fd7fe15520 2641       3       java.util.Locale::hashCode (41 bytes)
Event: 6.363 Thread 0x000001fd7fe15520 nmethod 2641 0x000001fd004c8090 code [0x000001fd004c8260, 0x000001fd004c8460]
Event: 6.365 Thread 0x000001fd7fe15520 2642       3       sun.util.calendar.BaseCalendar::getFixedDate (324 bytes)
Event: 6.366 Thread 0x000001fd7fe14e80 nmethod 2640 0x000001fd07bd6f90 code [0x000001fd07bd7160, 0x000001fd07bd7668]
Event: 6.368 Thread 0x000001fd7fe15520 nmethod 2642 0x000001fd004c8590 code [0x000001fd004c88e0, 0x000001fd004ca7e0]
Event: 6.368 Thread 0x000001fd7fe15520 2643       3       java.util.Calendar::internalSet (8 bytes)
Event: 6.368 Thread 0x000001fd7fe15520 nmethod 2643 0x000001fd004cb210 code [0x000001fd004cb3c0, 0x000001fd004cb4f8]
Event: 6.368 Thread 0x000001fd7fe15520 2644  s    1       java.lang.StringBuffer::length (5 bytes)
Event: 6.368 Thread 0x000001fd7fe15520 nmethod 2644 0x000001fd07bd7990 code [0x000001fd07bd7b20, 0x000001fd07bd7ca8]
Event: 6.368 Thread 0x000001fd7fe14e80 2645       4       java.util.regex.Pattern$CharProperty::match (71 bytes)
Event: 6.370 Thread 0x000001fd7fe15520 2647       3       java.util.StringJoiner::add (110 bytes)
Event: 6.372 Thread 0x000001fd7fe15520 nmethod 2647 0x000001fd004cb610 code [0x000001fd004cb860, 0x000001fd004cc2e8]
Event: 6.378 Thread 0x000001fd7fe15520 2650 %     3       java.lang.StringCoding::implEncodeAsciiArray @ 3 (47 bytes)
Event: 6.378 Thread 0x000001fd7fe15520 nmethod 2650% 0x000001fd004cc690 code [0x000001fd004cc840, 0x000001fd004ccb70]
Event: 6.378 Thread 0x000001fd7fe15520 2651       3       sun.nio.fs.WindowsPathParser::normalize (233 bytes)
Event: 6.383 Thread 0x000001fd7fe15520 nmethod 2651 0x000001fd004ccd10 code [0x000001fd004cd2c0, 0x000001fd004cfdf0]
Event: 6.386 Thread 0x000001fd7fe15520 2652   !   3       java.io.PrintWriter::implWrite (36 bytes)
Event: 6.386 Thread 0x000001fd7fe15520 nmethod 2652 0x000001fd004d1010 code [0x000001fd004d1220, 0x000001fd004d1740]
Event: 6.387 Thread 0x000001fd7fe15520 2653       3       java.util.Locale::hasExtensions (13 bytes)
Event: 6.387 Thread 0x000001fd7fe15520 nmethod 2653 0x000001fd004d1a10 code [0x000001fd004d1ba0, 0x000001fd004d1d00]

GC Heap History (4 events):
Event: 1.347 GC heap before
{Heap before GC invocations=0 (full 0):
 garbage-first heap   total 129024K, used 23552K [0x0000000082800000, 0x0000000100000000)
  region size 1024K, 23 young (23552K), 0 survivors (0K)
 Metaspace       used 8212K, committed 8448K, reserved 1114112K
  class space    used 981K, committed 1088K, reserved 1048576K
}
Event: 1.357 GC heap after
{Heap after GC invocations=1 (full 0):
 garbage-first heap   total 129024K, used 6784K [0x0000000082800000, 0x0000000100000000)
  region size 1024K, 3 young (3072K), 3 survivors (3072K)
 Metaspace       used 8212K, committed 8448K, reserved 1114112K
  class space    used 981K, committed 1088K, reserved 1048576K
}
Event: 3.408 GC heap before
{Heap before GC invocations=1 (full 0):
 garbage-first heap   total 129024K, used 36480K [0x0000000082800000, 0x0000000100000000)
  region size 1024K, 33 young (33792K), 3 survivors (3072K)
 Metaspace       used 17562K, committed 17984K, reserved 1114112K
  class space    used 2157K, committed 2304K, reserved 1048576K
}
Event: 3.422 GC heap after
{Heap after GC invocations=2 (full 0):
 garbage-first heap   total 129024K, used 10565K [0x0000000082800000, 0x0000000100000000)
  region size 1024K, 4 young (4096K), 4 survivors (4096K)
 Metaspace       used 17562K, committed 17984K, reserved 1114112K
  class space    used 2157K, committed 2304K, reserved 1048576K
}

Dll operation events (8 events):
Event: 0.014 Loaded shared library C:\Users\sathy\Downloads\eclipse-committers-2025-09-R-win32-x86_64\eclipse\plugins\org.eclipse.justj.openjdk.hotspot.jre.full.win32.x86_64_21.0.8.v20250724-1412\jre\bin\java.dll
Event: 0.067 Loaded shared library C:\Users\sathy\Downloads\eclipse-committers-2025-09-R-win32-x86_64\eclipse\plugins\org.eclipse.justj.openjdk.hotspot.jre.full.win32.x86_64_21.0.8.v20250724-1412\jre\bin\zip.dll
Event: 0.177 Loaded shared library C:\Users\sathy\Downloads\eclipse-committers-2025-09-R-win32-x86_64\eclipse\plugins\org.eclipse.justj.openjdk.hotspot.jre.full.win32.x86_64_21.0.8.v20250724-1412\jre\bin\net.dll
Event: 0.179 Loaded shared library C:\Users\sathy\Downloads\eclipse-committers-2025-09-R-win32-x86_64\eclipse\plugins\org.eclipse.justj.openjdk.hotspot.jre.full.win32.x86_64_21.0.8.v20250724-1412\jre\bin\nio.dll
Event: 0.188 Loaded shared library C:\Users\sathy\Downloads\eclipse-committers-2025-09-R-win32-x86_64\eclipse\plugins\org.eclipse.justj.openjdk.hotspot.jre.full.win32.x86_64_21.0.8.v20250724-1412\jre\bin\zip.dll
Event: 0.504 Loaded shared library C:\Users\sathy\Downloads\eclipse-committers-2025-09-R-win32-x86_64\eclipse\plugins\org.eclipse.justj.openjdk.hotspot.jre.full.win32.x86_64_21.0.8.v20250724-1412\jre\bin\jimage.dll
Event: 0.727 Loaded shared library C:\Users\sathy\Downloads\eclipse-committers-2025-09-R-win32-x86_64\eclipse\plugins\org.eclipse.justj.openjdk.hotspot.jre.full.win32.x86_64_21.0.8.v20250724-1412\jre\bin\extnet.dll
Event: 1.864 Loaded shared library C:\Users\sathy\Downloads\eclipse-committers-2025-09-R-win32-x86_64\eclipse\plugins\org.eclipse.justj.openjdk.hotspot.jre.full.win32.x86_64_21.0.8.v20250724-1412\jre\bin\sunmscapi.dll

Deoptimization events (20 events):
Event: 6.368 Thread 0x000001fd76c0e0d0 Uncommon trap: trap_request=0xffffffc6 fr.pc=0x000001fd07bd3164 relative=0x0000000000001444
Event: 6.368 Thread 0x000001fd76c0e0d0 Uncommon trap: reason=bimorphic_or_optimized_type_check action=maybe_recompile pc=0x000001fd07bd3164 method=java.util.regex.Pattern.lambda$negate$7(Ljava/util/regex/Pattern$CharPredicate;I)Z @ 2 c2
Event: 6.368 Thread 0x000001fd76c0e0d0 DEOPT PACKING pc=0x000001fd07bd3164 sp=0x00000029211fe720
Event: 6.368 Thread 0x000001fd76c0e0d0 DEOPT UNPACKING pc=0x000001fd075846a2 sp=0x00000029211fe518 mode 2
Event: 6.368 Thread 0x000001fd76c0e0d0 Uncommon trap: trap_request=0xffffffc6 fr.pc=0x000001fd07bd3164 relative=0x0000000000001444
Event: 6.368 Thread 0x000001fd76c0e0d0 Uncommon trap: reason=bimorphic_or_optimized_type_check action=maybe_recompile pc=0x000001fd07bd3164 method=java.util.regex.Pattern.lambda$negate$7(Ljava/util/regex/Pattern$CharPredicate;I)Z @ 2 c2
Event: 6.368 Thread 0x000001fd76c0e0d0 DEOPT PACKING pc=0x000001fd07bd3164 sp=0x00000029211fe720
Event: 6.368 Thread 0x000001fd76c0e0d0 DEOPT UNPACKING pc=0x000001fd075846a2 sp=0x00000029211fe518 mode 2
Event: 6.368 Thread 0x000001fd76c0e0d0 Uncommon trap: trap_request=0xffffffc6 fr.pc=0x000001fd07bd3164 relative=0x0000000000001444
Event: 6.368 Thread 0x000001fd76c0e0d0 Uncommon trap: reason=bimorphic_or_optimized_type_check action=maybe_recompile pc=0x000001fd07bd3164 method=java.util.regex.Pattern.lambda$negate$7(Ljava/util/regex/Pattern$CharPredicate;I)Z @ 2 c2
Event: 6.368 Thread 0x000001fd76c0e0d0 DEOPT PACKING pc=0x000001fd07bd3164 sp=0x00000029211fe720
Event: 6.368 Thread 0x000001fd76c0e0d0 DEOPT UNPACKING pc=0x000001fd075846a2 sp=0x00000029211fe518 mode 2
Event: 6.368 Thread 0x000001fd76c0e0d0 Uncommon trap: trap_request=0xffffffc6 fr.pc=0x000001fd07bd3164 relative=0x0000000000001444
Event: 6.368 Thread 0x000001fd76c0e0d0 Uncommon trap: reason=bimorphic_or_optimized_type_check action=maybe_recompile pc=0x000001fd07bd3164 method=java.util.regex.Pattern.lambda$negate$7(Ljava/util/regex/Pattern$CharPredicate;I)Z @ 2 c2
Event: 6.368 Thread 0x000001fd76c0e0d0 DEOPT PACKING pc=0x000001fd07bd3164 sp=0x00000029211fe720
Event: 6.368 Thread 0x000001fd76c0e0d0 DEOPT UNPACKING pc=0x000001fd075846a2 sp=0x00000029211fe518 mode 2
Event: 6.368 Thread 0x000001fd76c0e0d0 Uncommon trap: trap_request=0xffffffc6 fr.pc=0x000001fd07bd05bc relative=0x000000000000063c
Event: 6.368 Thread 0x000001fd76c0e0d0 Uncommon trap: reason=bimorphic_or_optimized_type_check action=maybe_recompile pc=0x000001fd07bd05bc method=java.util.regex.Pattern.lambda$negate$7(Ljava/util/regex/Pattern$CharPredicate;I)Z @ 2 c2
Event: 6.368 Thread 0x000001fd76c0e0d0 DEOPT PACKING pc=0x000001fd07bd05bc sp=0x00000029211fe650
Event: 6.368 Thread 0x000001fd76c0e0d0 DEOPT UNPACKING pc=0x000001fd075846a2 sp=0x00000029211fe580 mode 2

Classes loaded (20 events):
Event: 6.070 Loading class java/text/CharacterIterator done
Event: 6.070 Loading class java/text/StringCharacterIterator done
Event: 6.071 Loading class java/util/concurrent/ConcurrentLinkedDeque$Itr
Event: 6.071 Loading class java/util/concurrent/ConcurrentLinkedDeque$AbstractItr
Event: 6.072 Loading class java/util/concurrent/ConcurrentLinkedDeque$AbstractItr done
Event: 6.072 Loading class java/util/concurrent/ConcurrentLinkedDeque$Itr done
Event: 6.119 Loading class java/io/FileOutputStream$1
Event: 6.119 Loading class java/io/FileOutputStream$1 done
Event: 6.125 Loading class sun/util/resources/cldr/TimeZoneNames_en_US
Event: 6.125 Loading class sun/util/resources/cldr/TimeZoneNames_en_US done
Event: 6.219 Loading class java/util/ComparableTimSort
Event: 6.219 Loading class java/util/ComparableTimSort done
Event: 6.287 Loading class java/nio/file/StandardCopyOption
Event: 6.287 Loading class java/nio/file/StandardCopyOption done
Event: 6.289 Loading class sun/nio/fs/WindowsChannelFactory$2
Event: 6.289 Loading class sun/nio/fs/WindowsChannelFactory$2 done
Event: 6.291 Loading class sun/nio/ch/ChannelOutputStream
Event: 6.291 Loading class sun/nio/ch/ChannelOutputStream done
Event: 6.333 Loading class java/io/BufferedReader$1
Event: 6.334 Loading class java/io/BufferedReader$1 done

Classes unloaded (0 events):
No events

Classes redefined (0 events):
No events

Internal exceptions (20 events):
Event: 1.925 Thread 0x000001fd76c0e0d0 Exception <a 'java/lang/NoSuchMethodError'{0x00000000895ab658}: 'java.lang.Object java.lang.invoke.DirectMethodHandle$Holder.invokeVirtual(java.lang.Object, java.lang.Object, java.lang.Object, java.lang.Object)'> (0x00000000895ab658) 
thrown [s\src\hotspot\share\interpreter\linkResolver.cpp, line 773]
Event: 1.947 Thread 0x000001fd573e1990 Exception <a 'java/net/ConnectException'{0x0000000089430d00}: Connection refused: getsockopt> (0x0000000089430d00) 
thrown [s\src\hotspot\share\prims\jni.cpp, line 539]
Event: 1.979 Thread 0x000001fd573e1990 Exception <a 'java/net/ConnectException'{0x0000000089431e50}: Connection refused: getsockopt> (0x0000000089431e50) 
thrown [s\src\hotspot\share\prims\jni.cpp, line 539]
Event: 2.065 Thread 0x000001fd76c0e0d0 Exception <a 'java/lang/NoSuchMethodError'{0x000000008930ddf8}: 'java.lang.Object java.lang.invoke.DirectMethodHandle$Holder.newInvokeSpecial(java.lang.Object, java.lang.Object, int, int)'> (0x000000008930ddf8) 
thrown [s\src\hotspot\share\interpreter\linkResolver.cpp, line 773]
Event: 2.067 Thread 0x000001fd76c0e0d0 Exception <a 'java/lang/NoSuchMethodError'{0x00000000893185c0}: 'void java.lang.invoke.DirectMethodHandle$Holder.invokeStatic(java.lang.Object, java.lang.Object, int)'> (0x00000000893185c0) 
thrown [s\src\hotspot\share\interpreter\linkResolver.cpp, line 773]
Event: 2.107 Thread 0x000001fd5743d380 Exception <a 'java/lang/NoSuchMethodError'{0x0000000089189e50}: 'java.lang.Object java.lang.invoke.DirectMethodHandle$Holder.invokeSpecial(java.lang.Object, java.lang.Object, java.lang.Object, java.lang.Object, int)'> (0x0000000089189e50) 
thrown [s\src\hotspot\share\interpreter\linkResolver.cpp, line 773]
Event: 2.107 Thread 0x000001fd5743d380 Exception <a 'java/lang/NoSuchMethodError'{0x000000008918d7b8}: 'java.lang.Object java.lang.invoke.Invokers$Holder.linkToTargetMethod(java.lang.Object, java.lang.Object, int, java.lang.Object)'> (0x000000008918d7b8) 
thrown [s\src\hotspot\share\interpreter\linkResolver.cpp, line 773]
Event: 2.131 Thread 0x000001fd5743d380 Exception <a 'java/lang/NoSuchMethodError'{0x00000000890a2ce8}: 'void java.lang.invoke.DirectMethodHandle$Holder.invokeSpecial(java.lang.Object, java.lang.Object, java.lang.Object, java.lang.Object, java.lang.Object)'> (0x00000000890a2ce8) 
thrown [s\src\hotspot\share\interpreter\linkResolver.cpp, line 773]
Event: 2.148 Thread 0x000001fd5743c660 Exception <a 'java/lang/NoSuchMethodError'{0x0000000088f832e8}: 'int java.lang.invoke.DirectMethodHandle$Holder.invokeSpecialIFC(java.lang.Object, java.lang.Object, java.lang.Object, java.lang.Object, java.lang.Object)'> (0x0000000088f832e8) 
thrown [s\src\hotspot\share\interpreter\linkResolver.cpp, line 773]
Event: 3.131 Thread 0x000001fd5743c660 Exception <a 'java/lang/NoSuchMethodError'{0x0000000088b5a440}: 'java.lang.Object java.lang.invoke.DirectMethodHandle$Holder.newInvokeSpecial(java.lang.Object, java.lang.Object, long, java.lang.Object, java.lang.Object, java.lang.Object)'> (0x0000000088b5a440) 
thrown [s\src\hotspot\share\interpreter\linkResolver.cpp, line 773]
Event: 3.138 Thread 0x000001fd5743c660 Exception <a 'java/lang/NoSuchMethodError'{0x0000000088b7def8}: 'void java.lang.invoke.DirectMethodHandle$Holder.invokeSpecial(java.lang.Object, java.lang.Object, java.lang.Object, java.lang.Object, java.lang.Object, java.lang.Object, java.lang.Object)'> (0x0000000088b7def8) 
thrown [s\src\hotspot\share\interpreter\linkResolver.cpp, line 773]
Event: 3.282 Thread 0x000001fd76c0e0d0 Exception <a 'java/lang/NoSuchMethodError'{0x00000000893b3d40}: 'java.lang.Object java.lang.invoke.DirectMethodHandle$Holder.invokeSpecialIFC(java.lang.Object, java.lang.Object, java.lang.Object)'> (0x00000000893b3d40) 
thrown [s\src\hotspot\share\interpreter\linkResolver.cpp, line 773]
Event: 3.495 Thread 0x000001fd76c0e0d0 Exception <a 'java/lang/ClassNotFoundException'{0x000000008a480e88}: sun/util/logging/resources/spi/loggingProvider> (0x000000008a480e88) 
thrown [s\src\hotspot\share\classfile\systemDictionary.cpp, line 312]
Event: 5.286 Thread 0x000001fd76c0e0d0 Exception <a 'java/lang/IncompatibleClassChangeError'{0x000000008a3d11e8}: Found class java.lang.Object, but interface was expected> (0x000000008a3d11e8) 
thrown [s\src\hotspot\share\interpreter\linkResolver.cpp, line 840]
Event: 5.286 Thread 0x000001fd76c0e0d0 Exception <a 'java/lang/NoSuchMethodError'{0x000000008a3d36b0}: 'void java.lang.invoke.DirectMethodHandle$Holder.invokeInterface(java.lang.Object, java.lang.Object)'> (0x000000008a3d36b0) 
thrown [s\src\hotspot\share\interpreter\linkResolver.cpp, line 773]
Event: 5.327 Thread 0x000001fd76c0e0d0 Exception <a 'java/lang/NoSuchMethodError'{0x000000008a27a3b0}: 'long java.lang.invoke.DelegatingMethodHandle$Holder.reinvoke_L(java.lang.Object, java.lang.Object)'> (0x000000008a27a3b0) 
thrown [s\src\hotspot\share\interpreter\linkResolver.cpp, line 773]
Event: 5.328 Thread 0x000001fd76c0e0d0 Exception <a 'java/lang/NoSuchMethodError'{0x000000008a284348}: 'void java.lang.invoke.DelegatingMethodHandle$Holder.reinvoke_L(java.lang.Object, java.lang.Object, long)'> (0x000000008a284348) 
thrown [s\src\hotspot\share\interpreter\linkResolver.cpp, line 773]
Event: 5.329 Thread 0x000001fd76c0e0d0 Exception <a 'java/lang/NoSuchMethodError'{0x000000008a28ab58}: 'long java.lang.invoke.Invokers$Holder.invokeExact_MT(java.lang.Object, java.lang.Object, java.lang.Object)'> (0x000000008a28ab58) 
thrown [s\src\hotspot\share\interpreter\linkResolver.cpp, line 773]
Event: 6.149 Thread 0x000001fd76c0e0d0 Exception <a 'java/lang/NoSuchMethodError'{0x0000000089d089a8}: 'void java.lang.invoke.DirectMethodHandle$Holder.invokeStaticInit(java.lang.Object, java.lang.Object)'> (0x0000000089d089a8) 
thrown [s\src\hotspot\share\interpreter\linkResolver.cpp, line 773]
Event: 6.229 Thread 0x000001fd76c0e0d0 Exception <a 'java/lang/NoSuchMethodError'{0x0000000089db2dc8}: 'long java.lang.invoke.DirectMethodHandle$Holder.invokeSpecial(java.lang.Object, java.lang.Object, int, java.lang.Object, java.lang.Object)'> (0x0000000089db2dc8) 
thrown [s\src\hotspot\share\interpreter\linkResolver.cpp, line 773]

ZGC Phase Switch (0 events):
No events

VM Operations (20 events):
Event: 1.933 Executing VM operation: HandshakeAllThreads (Deoptimize)
Event: 1.933 Executing VM operation: HandshakeAllThreads (Deoptimize) done
Event: 1.933 Executing VM operation: HandshakeAllThreads (Deoptimize)
Event: 1.933 Executing VM operation: HandshakeAllThreads (Deoptimize) done
Event: 2.021 Executing VM operation: HandshakeAllThreads (Deoptimize)
Event: 2.022 Executing VM operation: HandshakeAllThreads (Deoptimize) done
Event: 3.025 Executing VM operation: Cleanup
Event: 3.025 Executing VM operation: Cleanup done
Event: 3.105 Executing VM operation: HandshakeAllThreads (Deoptimize)
Event: 3.105 Executing VM operation: HandshakeAllThreads (Deoptimize) done
Event: 3.109 Executing VM operation: HandshakeAllThreads (Deoptimize)
Event: 3.110 Executing VM operation: HandshakeAllThreads (Deoptimize) done
Event: 3.408 Executing VM operation: G1CollectForAllocation (G1 Evacuation Pause)
Event: 3.422 Executing VM operation: G1CollectForAllocation (G1 Evacuation Pause) done
Event: 3.463 Executing VM operation: HandshakeAllThreads (Deoptimize)
Event: 3.464 Executing VM operation: HandshakeAllThreads (Deoptimize) done
Event: 4.478 Executing VM operation: Cleanup
Event: 4.478 Executing VM operation: Cleanup done
Event: 5.488 Executing VM operation: Cleanup
Event: 5.488 Executing VM operation: Cleanup done

Memory protections (0 events):
No events

Nmethod flushes (0 events):
No events

Events (20 events):
Event: 1.562 Thread 0x000001fd76c0e0d0 Thread added: 0x000001fd57305700
Event: 1.906 Thread 0x000001fd76c0e0d0 Thread added: 0x000001fd572074d0
Event: 1.931 Thread 0x000001fd76c0e0d0 Thread added: 0x000001fd571e34b0
Event: 1.934 Thread 0x000001fd76c0e0d0 Thread added: 0x000001fd573e0cd0
Event: 1.934 Thread 0x000001fd76c0e0d0 Thread added: 0x000001fd573e1330
Event: 1.938 Thread 0x000001fd573e0cd0 Thread added: 0x000001fd573e1990
Event: 2.021 Thread 0x000001fd573e1990 Thread added: 0x000001fd5721acb0
Event: 2.077 Thread 0x000001fd76c0e0d0 Thread added: 0x000001fd5743d380
Event: 2.080 Thread 0x000001fd76c0e0d0 Thread added: 0x000001fd5743bfd0
Event: 2.146 Thread 0x000001fd572074d0 Thread added: 0x000001fd5743c660
Event: 2.148 Thread 0x000001fd572074d0 Thread added: 0x000001fd5743da10
Event: 2.148 Thread 0x000001fd572074d0 Thread added: 0x000001fd5743ac20
Event: 3.103 Thread 0x000001fd5623aac0 Thread exited: 0x000001fd5623aac0
Event: 3.335 Thread 0x000001fd76c0e0d0 Thread added: 0x000001fd5743ccf0
Event: 3.336 Thread 0x000001fd76c0e0d0 Thread added: 0x000001fd5743a590
Event: 3.344 Thread 0x000001fd5743ccf0 Thread added: 0x000001fd5743b2b0
Event: 3.345 Thread 0x000001fd5743ccf0 Thread added: 0x000001fd5743b940
Event: 3.345 Thread 0x000001fd5743ccf0 Thread added: 0x000001fd576800f0
Event: 6.088 Thread 0x000001fd7fe15520 Thread added: 0x000001fd56810ef0
Event: 6.166 Thread 0x000001fd5660a430 Thread exited: 0x000001fd5660a430


Dynamic libraries:
0x00007ff796a20000 - 0x00007ff796a2e000 	C:\Users\sathy\Downloads\eclipse-committers-2025-09-R-win32-x86_64\eclipse\plugins\org.eclipse.justj.openjdk.hotspot.jre.full.win32.x86_64_21.0.8.v20250724-1412\jre\bin\javaw.exe
0x00007ff9f8730000 - 0x00007ff9f8948000 	C:\WINDOWS\SYSTEM32\ntdll.dll
0x00007ff9f7320000 - 0x00007ff9f73e4000 	C:\WINDOWS\System32\KERNEL32.DLL
0x00007ff9f5ff0000 - 0x00007ff9f63c3000 	C:\WINDOWS\System32\KERNELBASE.dll
0x00007ff9f59e0000 - 0x00007ff9f5af1000 	C:\WINDOWS\System32\ucrtbase.dll
0x00007ff9db850000 - 0x00007ff9db868000 	C:\Users\sathy\Downloads\eclipse-committers-2025-09-R-win32-x86_64\eclipse\plugins\org.eclipse.justj.openjdk.hotspot.jre.full.win32.x86_64_21.0.8.v20250724-1412\jre\bin\jli.dll
0x00007ff9dadc0000 - 0x00007ff9dadde000 	C:\Users\sathy\Downloads\eclipse-committers-2025-09-R-win32-x86_64\eclipse\plugins\org.eclipse.justj.openjdk.hotspot.jre.full.win32.x86_64_21.0.8.v20250724-1412\jre\bin\VCRUNTIME140.dll
0x00007ff9f6590000 - 0x00007ff9f6742000 	C:\WINDOWS\System32\USER32.dll
0x00007ff9f5d10000 - 0x00007ff9f5d36000 	C:\WINDOWS\System32\win32u.dll
0x00007ff9e15a0000 - 0x00007ff9e183c000 	C:\WINDOWS\WinSxS\amd64_microsoft.windows.common-controls_6595b64144ccf1df_6.0.22621.6060_none_2712eda17382d24b\COMCTL32.dll
0x00007ff9f7200000 - 0x00007ff9f7229000 	C:\WINDOWS\System32\GDI32.dll
0x00007ff9f73f0000 - 0x00007ff9f7497000 	C:\WINDOWS\System32\msvcrt.dll
0x00007ff9f5b30000 - 0x00007ff9f5c4b000 	C:\WINDOWS\System32\gdi32full.dll
0x00007ff9f58c0000 - 0x00007ff9f595a000 	C:\WINDOWS\System32\msvcp_win.dll
0x00007ff9f7030000 - 0x00007ff9f7061000 	C:\WINDOWS\System32\IMM32.DLL
0x0000000062480000 - 0x000000006248c000 	C:\Program Files (x86)\360\Total Security\safemon\SafeWrapper.dll
0x00007ff9efdd0000 - 0x00007ff9efddc000 	C:\Users\sathy\Downloads\eclipse-committers-2025-09-R-win32-x86_64\eclipse\plugins\org.eclipse.justj.openjdk.hotspot.jre.full.win32.x86_64_21.0.8.v20250724-1412\jre\bin\vcruntime140_1.dll
0x00007ff9bcfc0000 - 0x00007ff9bd04d000 	C:\Users\sathy\Downloads\eclipse-committers-2025-09-R-win32-x86_64\eclipse\plugins\org.eclipse.justj.openjdk.hotspot.jre.full.win32.x86_64_21.0.8.v20250724-1412\jre\bin\msvcp140.dll
0x00007ff9685b0000 - 0x00007ff969347000 	C:\Users\sathy\Downloads\eclipse-committers-2025-09-R-win32-x86_64\eclipse\plugins\org.eclipse.justj.openjdk.hotspot.jre.full.win32.x86_64_21.0.8.v20250724-1412\jre\bin\server\jvm.dll
0x00007ff9f7cb0000 - 0x00007ff9f7d61000 	C:\WINDOWS\System32\ADVAPI32.dll
0x00007ff9f63d0000 - 0x00007ff9f6478000 	C:\WINDOWS\System32\sechost.dll
0x00007ff9f5b00000 - 0x00007ff9f5b28000 	C:\WINDOWS\System32\bcrypt.dll
0x00007ff9f6c00000 - 0x00007ff9f6d18000 	C:\WINDOWS\System32\RPCRT4.dll
0x00007ff9f7920000 - 0x00007ff9f7991000 	C:\WINDOWS\System32\WS2_32.dll
0x00007ff9f4ce0000 - 0x00007ff9f4d2d000 	C:\WINDOWS\SYSTEM32\POWRPROF.dll
0x00007ff9f13f0000 - 0x00007ff9f1424000 	C:\WINDOWS\SYSTEM32\WINMM.dll
0x00007ff9f0fa0000 - 0x00007ff9f0faa000 	C:\WINDOWS\SYSTEM32\VERSION.dll
0x00007ff9f4bd0000 - 0x00007ff9f4be3000 	C:\WINDOWS\SYSTEM32\UMPDC.dll
0x00007ff9f4820000 - 0x00007ff9f4838000 	C:\WINDOWS\SYSTEM32\kernel.appcore.dll
0x00007ff9d2480000 - 0x00007ff9d248a000 	C:\Users\sathy\Downloads\eclipse-committers-2025-09-R-win32-x86_64\eclipse\plugins\org.eclipse.justj.openjdk.hotspot.jre.full.win32.x86_64_21.0.8.v20250724-1412\jre\bin\jimage.dll
0x00007ff9f2fd0000 - 0x00007ff9f3203000 	C:\WINDOWS\SYSTEM32\DBGHELP.DLL
0x00007ff9f6750000 - 0x00007ff9f6ae1000 	C:\WINDOWS\System32\combase.dll
0x00007ff9f7230000 - 0x00007ff9f7308000 	C:\WINDOWS\System32\OLEAUT32.dll
0x00007ff9db200000 - 0x00007ff9db232000 	C:\WINDOWS\SYSTEM32\dbgcore.DLL
0x00007ff9f5840000 - 0x00007ff9f58bb000 	C:\WINDOWS\System32\bcryptPrimitives.dll
0x00007ff9c8ae0000 - 0x00007ff9c8aff000 	C:\Users\sathy\Downloads\eclipse-committers-2025-09-R-win32-x86_64\eclipse\plugins\org.eclipse.justj.openjdk.hotspot.jre.full.win32.x86_64_21.0.8.v20250724-1412\jre\bin\java.dll
0x00007ff9f7d70000 - 0x00007ff9f860c000 	C:\WINDOWS\System32\SHELL32.dll
0x00007ff9f5d40000 - 0x00007ff9f5e7f000 	C:\WINDOWS\System32\wintypes.dll
0x00007ff9f3740000 - 0x00007ff9f405a000 	C:\WINDOWS\SYSTEM32\windows.storage.dll
0x00007ff9f6af0000 - 0x00007ff9f6bf4000 	C:\WINDOWS\System32\SHCORE.dll
0x00007ff9f7080000 - 0x00007ff9f70e9000 	C:\WINDOWS\System32\shlwapi.dll
0x00007ff9f5770000 - 0x00007ff9f5795000 	C:\WINDOWS\SYSTEM32\profapi.dll
0x00007ff9c6200000 - 0x00007ff9c6218000 	C:\Users\sathy\Downloads\eclipse-committers-2025-09-R-win32-x86_64\eclipse\plugins\org.eclipse.justj.openjdk.hotspot.jre.full.win32.x86_64_21.0.8.v20250724-1412\jre\bin\zip.dll
0x00007ff9ce8c0000 - 0x00007ff9ce8d0000 	C:\Users\sathy\Downloads\eclipse-committers-2025-09-R-win32-x86_64\eclipse\plugins\org.eclipse.justj.openjdk.hotspot.jre.full.win32.x86_64_21.0.8.v20250724-1412\jre\bin\net.dll
0x00007ff9ef900000 - 0x00007ff9efa2c000 	C:\WINDOWS\SYSTEM32\WINHTTP.dll
0x00007ff9f4df0000 - 0x00007ff9f4e59000 	C:\WINDOWS\system32\mswsock.dll
0x00007ff9aed30000 - 0x00007ff9aed46000 	C:\Users\sathy\Downloads\eclipse-committers-2025-09-R-win32-x86_64\eclipse\plugins\org.eclipse.justj.openjdk.hotspot.jre.full.win32.x86_64_21.0.8.v20250724-1412\jre\bin\nio.dll
0x00007ff9f4330000 - 0x00007ff9f4428000 	C:\WINDOWS\SYSTEM32\DNSAPI.dll
0x00007ff9f4300000 - 0x00007ff9f432d000 	C:\WINDOWS\SYSTEM32\IPHLPAPI.DLL
0x00007ff9f6e40000 - 0x00007ff9f6e49000 	C:\WINDOWS\System32\NSI.dll
0x00007ff9ecbc0000 - 0x00007ff9ecbca000 	C:\Windows\System32\rasadhlp.dll
0x00007ff9ee610000 - 0x00007ff9ee694000 	C:\WINDOWS\System32\fwpuclnt.dll
0x00007ff9efdc0000 - 0x00007ff9efdc9000 	C:\Users\sathy\Downloads\eclipse-committers-2025-09-R-win32-x86_64\eclipse\plugins\org.eclipse.justj.openjdk.hotspot.jre.full.win32.x86_64_21.0.8.v20250724-1412\jre\bin\extnet.dll
0x00007ff9f5050000 - 0x00007ff9f506b000 	C:\WINDOWS\SYSTEM32\CRYPTSP.dll
0x00007ff9f4780000 - 0x00007ff9f47b7000 	C:\WINDOWS\system32\rsaenh.dll
0x00007ff9f4ee0000 - 0x00007ff9f4f08000 	C:\WINDOWS\SYSTEM32\USERENV.dll
0x00007ff9f5040000 - 0x00007ff9f504c000 	C:\WINDOWS\SYSTEM32\CRYPTBASE.dll
0x00007ff9c8ad0000 - 0x00007ff9c8ade000 	C:\Users\sathy\Downloads\eclipse-committers-2025-09-R-win32-x86_64\eclipse\plugins\org.eclipse.justj.openjdk.hotspot.jre.full.win32.x86_64_21.0.8.v20250724-1412\jre\bin\sunmscapi.dll
0x00007ff9f5e80000 - 0x00007ff9f5fe8000 	C:\WINDOWS\System32\CRYPT32.dll
0x00007ff9f51e0000 - 0x00007ff9f520e000 	C:\WINDOWS\SYSTEM32\ncrypt.dll
0x00007ff9f51a0000 - 0x00007ff9f51d7000 	C:\WINDOWS\SYSTEM32\NTASN1.dll
0x00007ff9dc880000 - 0x00007ff9dc888000 	C:\WINDOWS\system32\wshunix.dll
0x00007ff9d1ec0000 - 0x00007ff9d1ed7000 	C:\WINDOWS\system32\napinsp.dll
0x00007ff9d1db0000 - 0x00007ff9d1dcb000 	C:\WINDOWS\system32\pnrpnsp.dll
0x00007ff9d1410000 - 0x00007ff9d1431000 	C:\WINDOWS\system32\nlansp_c.dll
0x00007ff9d13f0000 - 0x00007ff9d1401000 	C:\WINDOWS\System32\winrnr.dll
0x00007ff9d13d0000 - 0x00007ff9d13e5000 	C:\WINDOWS\system32\wshbth.dll

JVMTI agents: none

dbghelp: loaded successfully - version: 4.0.5 - missing functions: none
symbol engine: initialized successfully - sym options: 0x614 - pdb path: .;C:\Users\sathy\Downloads\eclipse-committers-2025-09-R-win32-x86_64\eclipse\plugins\org.eclipse.justj.openjdk.hotspot.jre.full.win32.x86_64_21.0.8.v20250724-1412\jre\bin;C:\WINDOWS\SYSTEM32;C:\WINDOWS\WinSxS\amd64_microsoft.windows.common-controls_6595b64144ccf1df_6.0.22621.6060_none_2712eda17382d24b;C:\Program Files (x86)\360\Total Security\safemon;C:\Users\sathy\Downloads\eclipse-committers-2025-09-R-win32-x86_64\eclipse\plugins\org.eclipse.justj.openjdk.hotspot.jre.full.win32.x86_64_21.0.8.v20250724-1412\jre\bin\server

VM Arguments:
jvm_args: -ea -Dfile.encoding=UTF-8 -Dstdout.encoding=UTF-8 -Dstderr.encoding=UTF-8 -XX:+ShowCodeDetailsInExceptionMessages 
java_command: org.testng.remote.RemoteTestNG -serport 51480 -protocol json -d C:\Users\sathy\eclipse-workspace\myproject\test-output C:\Users\sathy\AppData\Local\Temp\testng-eclipse-1374217461\testng-customsuite.xml
java_class_path (initial): C:\Users\sathy\Downloads\eclipse-committers-2025-09-R-win32-x86_64\eclipse\configuration\org.eclipse.osgi\591\0\.cp\lib\testng-remote.jar;C:\Users\sathy\eclipse-workspace\myproject\target\test-classes;C:\Users\sathy\eclipse-workspace\myproject\target\classes;C:\Users\sathy\.m2\repository\org\seleniumhq\selenium\selenium-java\4.39.0\selenium-java-4.39.0.jar;C:\Users\sathy\.m2\repository\org\seleniumhq\selenium\selenium-api\4.39.0\selenium-api-4.39.0.jar;C:\Users\sathy\.m2\repository\org\jspecify\jspecify\1.0.0\jspecify-1.0.0.jar;C:\Users\sathy\.m2\repository\org\seleniumhq\selenium\selenium-chrome-driver\4.39.0\selenium-chrome-driver-4.39.0.jar;C:\Users\sathy\.m2\repository\com\google\auto\service\auto-service-annotations\1.1.1\auto-service-annotations-1.1.1.jar;C:\Users\sathy\.m2\repository\org\seleniumhq\selenium\selenium-chromium-driver\4.39.0\selenium-chromium-driver-4.39.0.jar;C:\Users\sathy\.m2\repository\org\seleniumhq\selenium\selenium-json\4.39.0\selenium-json-4.39.0.jar;C:\Users\sathy\.m2\repository\org\seleniumhq\selenium\selenium-manager\4.39.0\selenium-manager-4.39.0.jar;C:\Users\sathy\.m2\repository\org\seleniumhq\selenium\selenium-devtools-v141\4.39.0\selenium-devtools-v141-4.39.0.jar;C:\Users\sathy\.m2\repository\org\seleniumhq\selenium\selenium-devtools-v142\4.39.0\selenium-devtools-v142-4.39.0.jar;C:\Users\sathy\.m2\repository\org\seleniumhq\selenium\selenium-devtools-v143\4.39.0\selenium-devtools-v143-4.39.0.jar;C:\Users\sathy\.m2\repository\org\seleniumhq\selenium\selenium-edge-driver\4.39.0\selenium-edge-driver-4.39.0.jar;C:\Users\sathy\.m2\repository\org\seleniumhq\selenium\selenium-firefox-driver\4.39.0\selenium-firefox-driver-4.39.0.jar;C:\Users\sathy\.m2\repository\org\seleniumhq\selenium\selenium-http\4.39.0\selenium-http-4.39.0.jar;C:\Users\sathy\.m2\repository\org\seleniumhq\selenium\selenium-ie-driver\4.39.0\selenium-ie-driver-4.39.0.jar;C:\Users\sathy\.m2\repository\org\seleniumhq\selenium\selenium-remote-driver\4.39.0\selenium-remote-driver-4.39.0.jar;C:\Users\sathy\.m2\repository\com\google\guava\guava\33.5.0-jre\guava-33.5.0-jre.jar;C:\Users\sathy\.m2\repository\com\google\guava\failureaccess\1.0.3\failureaccess-1.0.3.jar;C:\Users\sathy\.m2\repository\com\google\guava\listenablefuture\9999.0-empty-to-avoid-conflict-with-guava\listenablefuture-9999.0-empty-to-avoid-conflict-with-guava.jar;C:\Users\sathy\.m2\repository\com\google\errorprone\error_prone_annotations\2.41.0\error_prone_annotations-2.41.0.jar;C:\Users\sathy\.m2\repository\com\google\j2objc\j2objc-annotations\3.1\j2objc-annotations-3.1.jar;C:\Users\sathy\.m2\repository\io\opentelemetry\opentelemetry-api\1.56.0\opentelemetry-api-1.56.0.jar;C:\Users\sathy\.m2\repository\io\opentelemetry\opentelemetry-context\1.56.0\opentelemetry-context-1.56.0.jar;C:\Users\sathy\.m2\repository\io\opentelemetry\opentelemetry-common\1.56.0\opentelemetry-common-1.56.0.jar;C:\Users\sathy\.m2\repository\io\opentelemetry\opentelemetry-exporter-logging\1.56.0\opentelemetry-exporter-logging-1.56.0.jar;C:\Users\sathy\.m2\repository\io\opentelemetry\opentelemetry-sdk-common\1.56.0\opentelemetry-sdk-common-1.56.0.jar;C:\Users\sathy\.m2\repository\io\opentelemetry\opentelemetry-sdk-extension-autoconfigure-spi\1.56.0\opentelemetry-sdk-extension-autoconfigure-spi-1.56.0.jar;C:\Users\sathy\.m2\repository\io\opentelemetry\opentelemetry-sdk-extension-autoconfigure\1.56.0\opentelemetry-sdk-extension-autoconfigure-1.56.0.jar;C:\Users\sathy\.m2\repository\io\opentelemetry\opentelemetry-sdk-trace\1.56.0\opentelemetry-sdk-trace-1.56.0.jar;C:\Users\sathy\.m2\repository\io\opentelemetry\opentelemetry-sdk\1.56.0\opentelemetry-sdk-1.56.0.jar;C:\Users\sathy\.m2\repository\io\opentelemetry\opentelemetry-sdk-metrics\1.56.0\opentelemetry-sdk-metrics-1.56.0.jar;C:\Users\sathy\.m2\repository\io\opentelemetry\opentelemetry-sdk-logs\1.56.0\opentelemetry-sdk-logs-1.56.0.jar;C:\Users\sathy\.m2\repository\net\bytebuddy\byte-buddy\1.18.2\byte-buddy-1.18.2.jar;C:\Users\sathy\.m2\repository\org\seleniumhq\selenium\selenium-os\4.39.0\selenium-os-4.39.0.jar;C:\Users\sathy\.m2\repository\org\apache\commons\commons-exec\1.6.0\commons-exec-1.6.0.jar;C:\Users\sathy\.m2\repository\org\seleniumhq\selenium\selenium-safari-driver\4.39.0\selenium-safari-driver-4.39.0.jar;C:\Users\sathy\.m2\repository\org\seleniumhq\selenium\selenium-support\4.39.0\selenium-support-4.39.0.jar;C:\Users\sathy\.m2\repository\org\testng\testng\7.11.0\testng-7.11.0.jar;C:\Users\sathy\.m2\repository\org\slf4j\slf4j-api\2.0.16\slf4j-api-2.0.16.jar;C:\Users\sathy\.m2\repository\org\jcommander\jcommander\1.83\jcommander-1.83.jar;C:\Users\sathy\.m2\repository\org\webjars\jquery\3.7.1\jquery-3.7.1.jar;C:\Users\sathy\.m2\repository\org\apache\poi\poi\5.5.1\poi-5.5.1.jar;C:\Users\sathy\.m2\repository\commons-codec\commons-codec\1.20.0\commons-codec-1.20.0.jar;C:\Users\sathy\.m2\repository\org\apache\commons\commons-collections4\4.5.0\commons-collections4-4.5.0.jar;C:\Users\sathy\.m2\repository\org\apache\commons\commons-math3\3.6.1\commons-math3-3.6.1.jar;C:\Users\sathy\.m2\repository\commons-io\commons-io\2.21.0\commons-io-2.21.0.jar;C:\Users\sathy\.m2\repository\com\zaxxer\SparseBitSet\1.3\SparseBitSet-1.3.jar;C:\Users\sathy\.m2\repository\org\apache\logging\log4j\log4j-api\2.24.3\log4j-api-2.24.3.jar;C:\Users\sathy\.m2\repository\org\apache\poi\poi-ooxml\5.5.1\poi-ooxml-5.5.1.jar;C:\Users\sathy\.m2\repository\org\apache\poi\poi-ooxml-lite\5.5.1\poi-ooxml-lite-5.5.1.jar;C:\Users\sathy\.m2\repository\org\apache\xmlbeans\xmlbeans\5.3.0\xmlbeans-5.3.0.jar;C:\Users\sathy\.m2\repository\org\apache\commons\commons-compress\1.28.0\commons-compress-1.28.0.jar;C:\Users\sathy\.m2\repository\org\apache\commons\commons-lang3\3.18.0\commons-lang3-3.18.0.jar;C:\Users\sathy\.m2\repository\com\github\virtuald\curvesapi\1.08\curvesapi-1.08.jar
Launcher Type: SUN_STANDARD

[Global flags]
     intx CICompilerCount                          = 4                                         {product} {ergonomic}
     uint ConcGCThreads                            = 2                                         {product} {ergonomic}
     uint G1ConcRefinementThreads                  = 8                                         {product} {ergonomic}
   size_t G1HeapRegionSize                         = 1048576                                   {product} {ergonomic}
    uintx GCDrainStackTargetSize                   = 64                                        {product} {ergonomic}
   size_t InitialHeapSize                          = 132120576                                 {product} {ergonomic}
   size_t MarkStackSize                            = 4194304                                   {product} {ergonomic}
   size_t MaxHeapSize                              = 2105540608                                {product} {ergonomic}
   size_t MaxNewSize                               = 1262485504                                {product} {ergonomic}
   size_t MinHeapDeltaBytes                        = 1048576                                   {product} {ergonomic}
   size_t MinHeapSize                              = 8388608                                   {product} {ergonomic}
    uintx NonNMethodCodeHeapSize                   = 5839372                                {pd product} {ergonomic}
    uintx NonProfiledCodeHeapSize                  = 122909434                              {pd product} {ergonomic}
    uintx ProfiledCodeHeapSize                     = 122909434                              {pd product} {ergonomic}
    uintx ReservedCodeCacheSize                    = 251658240                              {pd product} {ergonomic}
     bool SegmentedCodeCache                       = true                                      {product} {ergonomic}
     bool ShowCodeDetailsInExceptionMessages       = true                                   {manageable} {command line}
   size_t SoftMaxHeapSize                          = 2105540608                             {manageable} {ergonomic}
     bool UseCompressedOops                        = true                           {product lp64_product} {ergonomic}
     bool UseG1GC                                  = true                                      {product} {ergonomic}
     bool UseLargePagesIndividualAllocation        = false                                  {pd product} {ergonomic}

Logging:
Log output configuration:
 #0: stdout all=warning uptime,level,tags foldmultilines=false
 #1: stderr all=off uptime,level,tags foldmultilines=false

Environment Variables:
PATH=C:/Users/sathy/Downloads/eclipse-committers-2025-09-R-win32-x86_64/eclipse//plugins/org.eclipse.justj.openjdk.hotspot.jre.full.win32.x86_64_21.0.8.v20250724-1412/jre/bin/server;C:/Users/sathy/Downloads/eclipse-committers-2025-09-R-win32-x86_64/eclipse//plugins/org.eclipse.justj.openjdk.hotspot.jre.full.win32.x86_64_21.0.8.v20250724-1412/jre/bin;C:\Program Files\Eclipse Adoptium\jdk-25.0.0.36-hotspot\bin;C:\Program Files\Common Files\Oracle\Java\javapath;C:\Windows\system32;C:\Windows;C:\Windows\System32\Wbem;C:\Windows\System32\WindowsPowerShell\v1.0\;C:\Windows\System32\OpenSSH\;C:\Program Files\NVIDIA Corporation\NVIDIA NvDLISR;C:\WINDOWS\system32;C:\WINDOWS;C:\WINDOWS\System32\Wbem;C:\WINDOWS\System32\WindowsPowerShell\v1.0\;C:\WINDOWS\System32\OpenSSH\;C:\Program Files (x86)\NVIDIA Corporation\PhysX\Common;C:\Program Files\dotnet\;C:\Program Files (x86)\Microsoft SQL Server\160\Tools\Binn\;C:\Program Files\Microsoft SQL Server\160\Tools\Binn\;C:\Program Files\Microsoft SQL Server\Client SDK\ODBC\170\Tools\Binn\;C:\Program Files\Microsoft SQL Server\160\DTS\Binn\;C:\Program Files (x86)\Microsoft SQL Server\160\DTS\Binn\;C:\Program Files\MySQL\MySQL Server 8.0\bin;C:\Program Files\Git\cmd;C:\Program Files\MySQL\MySQL Shell 8.0\bin\;C:\Users\sathy\AppData\Local\Programs\Python\Launcher\;C:\Users\sathy\AppData\Local\Programs\Python\Python312\Scripts\;C:\Users\sathy\AppData\Local\Programs\Python\Python312\;C:\Users\sathy\AppData\Local\Microsoft\WindowsApps;C:\flutter\bin;C:\Users\sathy\AppData\Local\Programs\Microsoft VS Code\bin;C:\Users\sathy\Downloads\eclipse-committers-2025-09-R-win32-x86_64\eclipse;
USERNAME=Sathyajith S
OS=Windows_NT
PROCESSOR_IDENTIFIER=Intel64 Family 6 Model 158 Stepping 10, GenuineIntel
TMP=C:\Users\sathy\AppData\Local\Temp
TEMP=C:\Users\sathy\AppData\Local\Temp




Periodic native trim disabled

---------------  S Y S T E M  ---------------

OS:
 Windows 11 , 64 bit Build 22621 (10.0.22621.5415)
OS uptime: 1 days 23:02 hours

CPU: total 8 (initial active 8) (4 cores per cpu, 2 threads per core) family 6 model 158 stepping 10 microcode 0xde, cx8, cmov, fxsr, ht, mmx, 3dnowpref, sse, sse2, sse3, ssse3, sse4.1, sse4.2, popcnt, lzcnt, tsc, tscinvbit, avx, avx2, aes, erms, clmul, bmi1, bmi2, adx, fma, vzeroupper, clflush, clflushopt, rdtscp, f16c
Processor Information for the first 8 processors :
  Max Mhz: 2400, Current Mhz: 2400, Mhz Limit: 2400

Memory: 4k page, system-wide physical 8029M (573M free)
TotalPageFile size 20317M (AvailPageFile size 36M)
current process WorkingSet (physical memory assigned to process): 129M, peak: 148M
current process commit charge ("private bytes"): 248M, peak: 275M

vm_info: OpenJDK 64-Bit Server VM (21.0.8+9-LTS) for windows-amd64 JRE (21.0.8+9-LTS), built on 2025-07-15T00:00:00Z by "admin" with MS VC++ 17.7 (VS2022)

END.
